2025-08-07 09:52:28 - Received Data:
Array
(
    [freelancer_id] => 1
)


2025-08-07 09:56:54 - Received Data:
Array
(
    [freelancer_id] => 4
)


2025-08-07 09:57:18 - Received Data:
Array
(
    [freelancer_id] => 4
)


2025-08-07 09:59:06 - Received Data:
Array
(
    [freelancer_id] => 4
)


2025-08-07 10:01:18 - Received Data:
Array
(
    [freelancer_id] => 4
)


2025-08-07 10:07:41 - Received Data:
Array
(
    [freelancer_id] => 4
)


2025-08-07 10:08:08 - Received Data:
Array
(
    [freelancer_id] => 4
)


2025-08-07 10:12:28 - Received Data:
Array
(
    [freelancer_id] => 4
)


2025-08-07 10:13:41 - Received Data:
Array
(
    [freelancer_id] => 4
)


2025-08-07 10:15:01 - Received Data:
Array
(
    [freelancer_id] => 4
)


2025-08-07 10:16:40 - Received Data:
Array
(
    [freelancer_id] => 4
)


2025-08-07 10:19:50 - Input: Array
(
    [freelancer_id] => 4
)

2025-08-07 10:28:25 - Input: Array
(
    [freelancer_id] => 1
)

2025-08-08 03:20:52 - Input: Array
(
    [freelancer_id] => 1
)

2025-08-08 03:22:54 - Input: Array
(
    [freelancer_id] => 1
)

2025-08-08 03:23:59 - Input: Array
(
    [freelancer_id] => 1
)

2025-08-08 03:26:41 - Input: Array
(
    [freelancer_id] => 4
)

