2025-07-23 02:15:53 - Received Data:
Array
(
    [name] => test
    [email] => Hasif.suamisihat@gmail.com
    [phone] => 01123119384
    [message] => test
    [selectedServices] => Array
        (
            [0] => 4
            [1] => 3
            [2] => 5
        )

)


2025-07-23 02:27:00 - Received Data:
Array
(
    [name] => hasif
    [email] => mohdhasiffullstackdeveloper@gmail.com
    [phone] => 01123119384
    [message] => test
    [selectedServices] => Array
        (
            [0] => 3
            [1] => 4
            [2] => 5
        )

)


2025-07-23 02:28:19 - Received Data:
Array
(
    [name] => Ali
    [email] => mohdhasif24181@gmail.com
    [phone] => 0123456789
    [message] => Saya berminat
    [selectedServices] => Array
        (
            [0] => 1
            [1] => 3
        )

)


2025-07-23 02:29:08 - Received Data:
Array
(
    [name] => Ali
    [email] => mohdhasif24181@gmail.com
    [phone] => 0123456789
    [message] => Saya berminat
    [selectedServices] => Array
        (
            [0] => 1
            [1] => 3
        )

)


2025-07-23 02:30:18 - Received Data:
Array
(
    [name] => Ali
    [email] => mohdhasif24181@gmail.com
    [phone] => 0123456789
    [message] => Saya berminat
    [selectedServices] => Array
        (
            [0] => 1
            [1] => 3
        )

)


2025-07-23 02:30:54 - Received Data:
Array
(
    [name] => hasif
    [email] => mohdhasiffullstackdeveloper@gmail.com
    [phone] => 01123119384
    [message] => test
    [selectedServices] => Array
        (
            [0] => 3
            [1] => 4
            [2] => 5
        )

)


2025-07-23 02:32:43 - Received Data:
Array
(
    [name] => hasif
    [email] => mohdhasiffullstackdeveloper@gmail.com
    [phone] => 01123119384
    [message] => test
    [selectedServices] => Array
        (
            [0] => 3
            [1] => 4
            [2] => 5
        )

)


2025-07-23 02:34:20 - Received Data:
Array
(
    [name] => hasif
    [email] => mohdhasiffullstackdeveloper@gmail.com
    [phone] => 01123119384
    [message] => test
    [selectedServices] => Array
        (
            [0] => 3
            [1] => 4
            [2] => 5
        )

)


2025-07-23 02:37:23 - Received Data:
Array
(
    [name] => hasif
    [email] => mohdhasiffullstackdeveloper@gmail.com
    [phone] => 01123119384
    [message] => test
    [selectedServices] => Array
        (
            [0] => 3
            [1] => 4
            [2] => 5
        )

)


2025-07-23 02:40:18 - Received Data:
Array
(
    [name] => hasif
    [email] => mohdhasiffullstackdeveloper@gmail.com
    [phone] => 01123119384
    [message] => test
    [selectedServices] => Array
        (
            [0] => 3
            [1] => 4
            [2] => 5
        )

)


2025-07-23 02:42:03 - Received Data:
Array
(
    [name] => Hasif
    [email] => mohdhasif24181@gmail.com
    [phone] => 01123119384
    [message] => In test je, chill
    [selectedServices] => Array
        (
            [0] => 3
            [1] => 1
            [2] => 2
        )

)


2025-07-23 03:04:54 - Received Data:
Array
(
    [name] => A
    [email] => Faidzrusman21@gmail.com
    [phone] => 01137680068
    [message] => Test
    [selectedServices] => Array
        (
            [0] => 6
            [1] => 3
            [2] => 4
        )

)


2025-07-23 03:09:08 - Received Data:
Array
(
    [name] => hasif
    [email] => mohdhasif24181@gmail.com
    [phone] => 01123119384
    [message] => hi, 
    [selectedServices] => Array
        (
            [0] => 3
            [1] => 4
            [2] => 5
        )

)


2025-07-24 03:05:21 - Received Data:
Array
(
    [name] => Ali
    [email] => mohdhasif24181@gmail.com
    [phone] => 0123456789
    [message] => Saya berminat
    [selectedServices] => Array
        (
            [0] => 1
            [1] => 3
        )

)


2025-07-24 03:07:12 - Received Data:
Array
(
    [name] => hasif
    [email] => mohdhasif24181@gmail.com
    [phone] => 01123119384
    [message] => test
    [selectedServices] => Array
        (
            [0] => 3
            [1] => 4
            [2] => 5
        )

)


2025-07-24 03:09:12 - Received Data:
Array
(
    [name] => hasif
    [email] => mohdhasiffullstackdeveloper@gmail.com
    [phone] => 01123119384
    [message] => test
    [selectedServices] => Array
        (
            [0] => 3
            [1] => 4
            [2] => 5
        )

)


2025-07-24 03:09:57 - Received Data:
Array
(
    [name] => hasif
    [email] => mohdhasif24181@gmail.com
    [phone] => 01123119384
    [message] => test
    [selectedServices] => Array
        (
            [0] => 3
            [1] => 2
            [2] => 1
        )

)


2025-07-24 03:20:59 - Received Data:
Array
(
    [name] => hasif
    [email] => mohdhasif24181@gmail.com
    [phone] => 01123119384
    [message] => testing
    [selectedServices] => Array
        (
            [0] => 3
            [1] => 4
            [2] => 5
        )

)


