2025-08-07 07:42:38 - Received Data:
Array
(
    [client_id] => 7
    [company_name] => Hasif Ent
    [phone] => 01123119384
    [status] => pending
    [client_type] => company
)


2025-08-07 07:43:25 - Received Data:
10

2025-08-07 07:43:37 - Received Data:
10

2025-08-07 07:57:37 - Received Data:
10

2025-08-07 07:59:07 - Received Data:
10

2025-08-07 08:07:01 - Received Data:
10

2025-08-07 08:12:36 - Received Data:
10

2025-08-07 08:31:41 - Received Data:
10

2025-08-07 08:36:02 - Received Data:
10

2025-08-07 08:36:08 - Received Data:
10

2025-08-07 08:37:14 - Received Data:
10

2025-08-07 08:37:18 - Received Data:
10

2025-08-11 03:51:04 - Received Data:
10

2025-08-11 03:58:57 - Received Data:
10

2025-08-11 03:59:26 - Received Data:
10

2025-08-11 03:59:57 - Received Data:
10

2025-08-11 04:01:46 - Received Data:
10

2025-08-11 04:04:23 - Received Data:
10

2025-08-11 04:09:45 - Received Data:
10

2025-08-11 04:33:30 - Received Data:
10

2025-08-11 04:34:11 - Received Data:
10

2025-08-11 04:34:20 - Received Data:
10

2025-08-11 04:34:55 - Received Data:
10

2025-08-11 04:35:06 - Received Data:
10

2025-08-11 04:35:14 - Received Data:
10

2025-08-11 04:35:44 - Received Data:
10

2025-08-11 04:35:50 - Received Data:
10

2025-08-11 04:36:58 - Received Data:
10

2025-08-11 04:39:29 - Received Data:
10

2025-08-11 04:39:47 - Received Data:
10

2025-08-11 04:43:09 - Received Data:
10

2025-08-11 04:43:18 - Received Data:
10

2025-08-11 04:52:48 - Received Data:
10

2025-08-11 04:53:01 - Received Data:
10

2025-08-11 04:56:36 - Received Data:
10

2025-08-11 04:56:57 - Received Data:
10

2025-08-11 04:59:46 - Received Data:
10

2025-08-11 05:06:35 - Received Data:
10

2025-08-11 05:07:10 - Received Data:
7

2025-08-11 05:07:20 - Received Data:
7

2025-08-11 05:08:50 - Received Data:
7

2025-08-11 05:13:52 - Received Data:
10

2025-08-11 05:14:15 - Received Data:
7

2025-08-11 05:14:22 - Received Data:
7

2025-08-11 05:20:46 - Received Data:
7

2025-08-11 05:20:57 - Received Data:
7

2025-08-11 05:21:01 - Received Data:
7

2025-08-11 05:21:12 - Received Data:
7

2025-08-11 05:23:34 - Received Data:
10

2025-08-11 05:24:13 - Received Data:
10

2025-08-11 05:24:27 - Received Data:
7

2025-08-11 05:32:05 - Received Data:
10

2025-08-11 05:32:13 - Received Data:
7

2025-08-11 05:32:21 - Received Data:
7

2025-08-11 05:34:00 - Received Data:
7

2025-08-11 05:36:31 - Received Data:
10

2025-08-11 05:36:43 - Received Data:
10

2025-08-11 05:36:52 - Received Data:
10

2025-08-12 10:29:26 - Received Data:
7

