{
    "status": "success",
    "checked": 6,
    "sent": 0,
    "timestamp": "2025-08-26 01:45:12",
    "timezone": "Asia\/Kuala_Lumpur"
}{
    "status": "success",
    "checked": 6,
    "sent": 0,
    "timestamp": "2025-08-26 01:46:12",
    "timezone": "Asia\/Kuala_Lumpur"
}{
    "status": "success",
    "checked": 6,
    "sent": 0,
    "timestamp": "2025-08-26 01:47:12",
    "timezone": "Asia\/Kuala_Lumpur"
}{
    "status": "success",
    "checked": 6,
    "sent": 0,
    "timestamp": "2025-08-26 01:48:12",
    "timezone": "Asia\/Kuala_Lumpur"
}{
    "status": "success",
    "checked": 6,
    "sent": 0,
    "timestamp": "2025-08-26 01:49:12",
    "timezone": "Asia\/Kuala_Lumpur"
}{
    "status": "success",
    "checked": 6,
    "sent": 0,
    "timestamp": "2025-08-26 01:50:12",
    "timezone": "Asia\/Kuala_Lumpur"
}{
    "status": "success",
    "checked": 6,
    "sent": 0,
    "timestamp": "2025-08-26 01:51:12",
    "timezone": "Asia\/Kuala_Lumpur"
}{
    "status": "success",
    "checked": 6,
    "sent": 0,
    "timestamp": "2025-08-26 01:52:12",
    "timezone": "Asia\/Kuala_Lumpur"
}{
    "status": "success",
    "checked": 6,
    "sent": 0,
    "timestamp": "2025-08-26 01:53:12",
    "timezone": "Asia\/Kuala_Lumpur"
}{
    "status": "success",
    "checked": 6,
    "sent": 0,
    "timestamp": "2025-08-26 01:54:12",
    "timezone": "Asia\/Kuala_Lumpur"
}{
    "status": "success",
    "checked": 6,
    "sent": 0,
    "timestamp": "2025-08-26 01:55:12",
    "timezone": "Asia\/Kuala_Lumpur"
}{
    "status": "success",
    "checked": 6,
    "sent": 0,
    "timestamp": "2025-08-26 01:56:12",
    "timezone": "Asia\/Kuala_Lumpur"
}{
    "status": "success",
    "checked": 6,
    "sent": 0,
    "timestamp": "2025-08-26 01:57:12",
    "timezone": "Asia\/Kuala_Lumpur"
}{
    "status": "success",
    "checked": 6,
    "sent": 0,
    "timestamp": "2025-08-26 01:58:12",
    "timezone": "Asia\/Kuala_Lumpur"
}{
    "status": "success",
    "checked": 6,
    "sent": 0,
    "timestamp": "2025-08-26 01:59:12",
    "timezone": "Asia\/Kuala_Lumpur"
}{
    "status": "success",
    "checked": 6,
    "sent": 0,
    "timestamp": "2025-08-26 02:00:12",
    "timezone": "Asia\/Kuala_Lumpur"
}{
    "status": "success",
    "checked": 6,
    "sent": 0,
    "timestamp": "2025-08-26 02:01:12",
    "timezone": "Asia\/Kuala_Lumpur"
}{
    "status": "success",
    "checked": 7,
    "sent": 0,
    "timestamp": "2025-08-26 02:02:12",
    "timezone": "Asia\/Kuala_Lumpur"
}{
    "status": "success",
    "checked": 7,
    "sent": 0,
    "timestamp": "2025-08-26 02:03:12",
    "timezone": "Asia\/Kuala_Lumpur"
}{
    "status": "success",
    "checked": 7,
    "sent": 0,
    "timestamp": "2025-08-26 02:04:12",
    "timezone": "Asia\/Kuala_Lumpur"
}{
    "status": "success",
    "checked": 7,
    "sent": 0,
    "timestamp": "2025-08-26 02:05:12",
    "timezone": "Asia\/Kuala_Lumpur"
}{
    "status": "success",
    "checked": 7,
    "sent": 0,
    "timestamp": "2025-08-26 02:06:12",
    "timezone": "Asia\/Kuala_Lumpur"
}{
    "status": "success",
    "checked": 7,
    "sent": 0,
    "timestamp": "2025-08-26 02:07:12",
    "timezone": "Asia\/Kuala_Lumpur"
}{
    "status": "success",
    "checked": 7,
    "sent": 0,
    "timestamp": "2025-08-26 02:08:12",
    "timezone": "Asia\/Kuala_Lumpur"
}{
    "status": "success",
    "checked": 7,
    "sent": 0,
    "timestamp": "2025-08-26 02:09:12",
    "timezone": "Asia\/Kuala_Lumpur"
}{
    "status": "success",
    "checked": 7,
    "sent": 0,
    "timestamp": "2025-08-26 02:10:12",
    "timezone": "Asia\/Kuala_Lumpur"
}{
    "status": "success",
    "checked": 7,
    "sent": 0,
    "timestamp": "2025-08-26 02:11:12",
    "timezone": "Asia\/Kuala_Lumpur"
}{
    "status": "success",
    "checked": 7,
    "sent": 0,
    "timestamp": "2025-08-26 02:12:12",
    "timezone": "Asia\/Kuala_Lumpur"
}{
    "status": "success",
    "checked": 7,
    "sent": 0,
    "timestamp": "2025-08-26 02:13:12",
    "timezone": "Asia\/Kuala_Lumpur"
}{
    "status": "success",
    "checked": 7,
    "sent": 0,
    "timestamp": "2025-08-26 02:14:12",
    "timezone": "Asia\/Kuala_Lumpur"
}{
    "status": "success",
    "checked": 7,
    "sent": 0,
    "timestamp": "2025-08-26 02:15:12",
    "timezone": "Asia\/Kuala_Lumpur"
}{
    "status": "success",
    "checked": 7,
    "sent": 0,
    "timestamp": "2025-08-26 02:16:12",
    "timezone": "Asia\/Kuala_Lumpur"
}{
    "status": "success",
    "checked": 7,
    "sent": 0,
    "timestamp": "2025-08-26 02:17:12",
    "timezone": "Asia\/Kuala_Lumpur"
}{
    "status": "success",
    "checked": 7,
    "sent": 0,
    "timestamp": "2025-08-26 02:18:12",
    "timezone": "Asia\/Kuala_Lumpur"
}{
    "status": "success",
    "checked": 7,
    "sent": 0,
    "timestamp": "2025-08-26 02:19:12",
    "timezone": "Asia\/Kuala_Lumpur"
}{
    "status": "success",
    "checked": 7,
    "sent": 0,
    "timestamp": "2025-08-26 02:20:12",
    "timezone": "Asia\/Kuala_Lumpur"
}{
    "status": "success",
    "checked": 7,
    "sent": 0,
    "timestamp": "2025-08-26 02:21:12",
    "timezone": "Asia\/Kuala_Lumpur"
}{
    "status": "success",
    "checked": 7,
    "sent": 0,
    "timestamp": "2025-08-26 02:22:12",
    "timezone": "Asia\/Kuala_Lumpur"
}{
    "status": "success",
    "checked": 7,
    "sent": 0,
    "timestamp": "2025-08-26 02:23:12",
    "timezone": "Asia\/Kuala_Lumpur"
}{
    "status": "success",
    "checked": 7,
    "sent": 0,
    "timestamp": "2025-08-26 02:24:12",
    "timezone": "Asia\/Kuala_Lumpur"
}{
    "status": "success",
    "checked": 7,
    "sent": 0,
    "timestamp": "2025-08-26 02:25:12",
    "timezone": "Asia\/Kuala_Lumpur"
}{
    "status": "success",
    "checked": 7,
    "sent": 0,
    "timestamp": "2025-08-26 02:26:12",
    "timezone": "Asia\/Kuala_Lumpur"
}{
    "status": "success",
    "checked": 7,
    "sent": 0,
    "timestamp": "2025-08-26 02:27:12",
    "timezone": "Asia\/Kuala_Lumpur"
}{
    "status": "success",
    "checked": 7,
    "sent": 0,
    "timestamp": "2025-08-26 02:28:12",
    "timezone": "Asia\/Kuala_Lumpur"
}{
    "status": "success",
    "checked": 7,
    "sent": 0,
    "timestamp": "2025-08-26 02:29:12",
    "timezone": "Asia\/Kuala_Lumpur"
}{
    "status": "success",
    "checked": 7,
    "sent": 0,
    "timestamp": "2025-08-26 02:30:12",
    "timezone": "Asia\/Kuala_Lumpur"
}{
    "status": "success",
    "checked": 7,
    "sent": 0,
    "timestamp": "2025-08-26 02:31:12",
    "timezone": "Asia\/Kuala_Lumpur"
}{
    "status": "success",
    "checked": 7,
    "sent": 0,
    "timestamp": "2025-08-26 02:32:12",
    "timezone": "Asia\/Kuala_Lumpur"
}{
    "status": "success",
    "checked": 7,
    "sent": 0,
    "timestamp": "2025-08-26 02:33:12",
    "timezone": "Asia\/Kuala_Lumpur"
}{
    "status": "success",
    "checked": 7,
    "sent": 0,
    "timestamp": "2025-08-26 02:34:12",
    "timezone": "Asia\/Kuala_Lumpur"
}{
    "status": "success",
    "checked": 7,
    "sent": 0,
    "timestamp": "2025-08-26 02:35:12",
    "timezone": "Asia\/Kuala_Lumpur"
}{
    "status": "success",
    "checked": 7,
    "sent": 0,
    "timestamp": "2025-08-26 02:36:12",
    "timezone": "Asia\/Kuala_Lumpur"
}{
    "status": "success",
    "checked": 7,
    "sent": 0,
    "timestamp": "2025-08-26 02:37:12",
    "timezone": "Asia\/Kuala_Lumpur"
}{
    "status": "success",
    "checked": 7,
    "sent": 0,
    "timestamp": "2025-08-26 02:38:12",
    "timezone": "Asia\/Kuala_Lumpur"
}{
    "status": "success",
    "checked": 7,
    "sent": 0,
    "timestamp": "2025-08-26 02:39:12",
    "timezone": "Asia\/Kuala_Lumpur"
}{
    "status": "success",
    "checked": 7,
    "sent": 0,
    "timestamp": "2025-08-26 02:40:12",
    "timezone": "Asia\/Kuala_Lumpur"
}{
    "status": "success",
    "checked": 7,
    "sent": 0,
    "timestamp": "2025-08-26 02:41:12",
    "timezone": "Asia\/Kuala_Lumpur"
}{
    "status": "success",
    "checked": 7,
    "sent": 0,
    "timestamp": "2025-08-26 02:42:12",
    "timezone": "Asia\/Kuala_Lumpur"
}{
    "status": "success",
    "checked": 7,
    "sent": 0,
    "timestamp": "2025-08-26 02:43:12",
    "timezone": "Asia\/Kuala_Lumpur"
}{
    "status": "success",
    "checked": 7,
    "sent": 0,
    "timestamp": "2025-08-26 02:44:12",
    "timezone": "Asia\/Kuala_Lumpur"
}{
    "status": "success",
    "checked": 7,
    "sent": 0,
    "timestamp": "2025-08-26 02:45:12",
    "timezone": "Asia\/Kuala_Lumpur"
}{
    "status": "success",
    "checked": 7,
    "sent": 0,
    "timestamp": "2025-08-26 02:46:12",
    "timezone": "Asia\/Kuala_Lumpur"
}{
    "status": "success",
    "checked": 7,
    "sent": 0,
    "timestamp": "2025-08-26 02:47:12",
    "timezone": "Asia\/Kuala_Lumpur"
}{
    "status": "success",
    "checked": 7,
    "sent": 0,
    "timestamp": "2025-08-26 02:48:12",
    "timezone": "Asia\/Kuala_Lumpur"
}{
    "status": "success",
    "checked": 7,
    "sent": 0,
    "timestamp": "2025-08-26 02:49:12",
    "timezone": "Asia\/Kuala_Lumpur"
}{
    "status": "success",
    "checked": 7,
    "sent": 0,
    "timestamp": "2025-08-26 02:50:12",
    "timezone": "Asia\/Kuala_Lumpur"
}{
    "status": "success",
    "checked": 7,
    "sent": 0,
    "timestamp": "2025-08-26 02:51:12",
    "timezone": "Asia\/Kuala_Lumpur"
}{
    "status": "success",
    "checked": 7,
    "sent": 0,
    "timestamp": "2025-08-26 02:52:12",
    "timezone": "Asia\/Kuala_Lumpur"
}{
    "status": "success",
    "checked": 7,
    "sent": 0,
    "timestamp": "2025-08-26 02:53:12",
    "timezone": "Asia\/Kuala_Lumpur"
}{
    "status": "success",
    "checked": 7,
    "sent": 0,
    "timestamp": "2025-08-26 02:54:12",
    "timezone": "Asia\/Kuala_Lumpur"
}{
    "status": "success",
    "checked": 7,
    "sent": 0,
    "timestamp": "2025-08-26 02:55:12",
    "timezone": "Asia\/Kuala_Lumpur"
}{
    "status": "success",
    "checked": 7,
    "sent": 0,
    "timestamp": "2025-08-26 02:56:12",
    "timezone": "Asia\/Kuala_Lumpur"
}{
    "status": "success",
    "checked": 7,
    "sent": 0,
    "timestamp": "2025-08-26 02:57:12",
    "timezone": "Asia\/Kuala_Lumpur"
}{
    "status": "success",
    "checked": 7,
    "sent": 0,
    "timestamp": "2025-08-26 02:58:12",
    "timezone": "Asia\/Kuala_Lumpur"
}{
    "status": "success",
    "checked": 7,
    "sent": 0,
    "timestamp": "2025-08-26 02:59:12",
    "timezone": "Asia\/Kuala_Lumpur"
}{
    "status": "success",
    "checked": 7,
    "sent": 0,
    "timestamp": "2025-08-26 03:00:12",
    "timezone": "Asia\/Kuala_Lumpur"
}{
    "status": "success",
    "checked": 7,
    "sent": 0,
    "timestamp": "2025-08-26 03:01:12",
    "timezone": "Asia\/Kuala_Lumpur"
}{
    "status": "success",
    "checked": 7,
    "sent": 0,
    "timestamp": "2025-08-26 03:02:12",
    "timezone": "Asia\/Kuala_Lumpur"
}{
    "status": "success",
    "checked": 7,
    "sent": 0,
    "timestamp": "2025-08-26 03:03:12",
    "timezone": "Asia\/Kuala_Lumpur"
}{
    "status": "success",
    "checked": 7,
    "sent": 0,
    "timestamp": "2025-08-26 03:04:12",
    "timezone": "Asia\/Kuala_Lumpur"
}{
    "status": "success",
    "checked": 7,
    "sent": 0,
    "timestamp": "2025-08-26 03:05:12",
    "timezone": "Asia\/Kuala_Lumpur"
}{
    "status": "success",
    "checked": 7,
    "sent": 0,
    "timestamp": "2025-08-26 03:06:12",
    "timezone": "Asia\/Kuala_Lumpur"
}{
    "status": "success",
    "checked": 7,
    "sent": 0,
    "timestamp": "2025-08-26 03:07:12",
    "timezone": "Asia\/Kuala_Lumpur"
}{
    "status": "success",
    "checked": 7,
    "sent": 0,
    "timestamp": "2025-08-26 03:08:12",
    "timezone": "Asia\/Kuala_Lumpur"
}{
    "status": "success",
    "checked": 7,
    "sent": 0,
    "timestamp": "2025-08-26 03:09:12",
    "timezone": "Asia\/Kuala_Lumpur"
}{
    "status": "success",
    "checked": 7,
    "sent": 0,
    "timestamp": "2025-08-26 03:10:12",
    "timezone": "Asia\/Kuala_Lumpur"
}{
    "status": "success",
    "checked": 7,
    "sent": 0,
    "timestamp": "2025-08-26 03:11:12",
    "timezone": "Asia\/Kuala_Lumpur"
}{
    "status": "success",
    "checked": 7,
    "sent": 0,
    "timestamp": "2025-08-26 03:12:12",
    "timezone": "Asia\/Kuala_Lumpur"
}{
    "status": "success",
    "checked": 7,
    "sent": 0,
    "timestamp": "2025-08-26 03:13:12",
    "timezone": "Asia\/Kuala_Lumpur"
}{
    "status": "success",
    "checked": 7,
    "sent": 0,
    "timestamp": "2025-08-26 03:14:12",
    "timezone": "Asia\/Kuala_Lumpur"
}{
    "status": "success",
    "checked": 7,
    "sent": 0,
    "timestamp": "2025-08-26 03:15:12",
    "timezone": "Asia\/Kuala_Lumpur"
}{
    "status": "success",
    "checked": 7,
    "sent": 0,
    "timestamp": "2025-08-26 03:16:12",
    "timezone": "Asia\/Kuala_Lumpur"
}{
    "status": "success",
    "checked": 7,
    "sent": 0,
    "timestamp": "2025-08-26 03:17:12",
    "timezone": "Asia\/Kuala_Lumpur"
}{
    "status": "success",
    "checked": 7,
    "sent": 0,
    "timestamp": "2025-08-26 03:18:12",
    "timezone": "Asia\/Kuala_Lumpur"
}{
    "status": "success",
    "checked": 7,
    "sent": 0,
    "timestamp": "2025-08-26 03:19:12",
    "timezone": "Asia\/Kuala_Lumpur"
}{
    "status": "success",
    "checked": 7,
    "sent": 0,
    "timestamp": "2025-08-26 03:20:12",
    "timezone": "Asia\/Kuala_Lumpur"
}{
    "status": "success",
    "checked": 7,
    "sent": 0,
    "timestamp": "2025-08-26 03:21:12",
    "timezone": "Asia\/Kuala_Lumpur"
}{
    "status": "success",
    "checked": 7,
    "sent": 0,
    "timestamp": "2025-08-26 03:22:12",
    "timezone": "Asia\/Kuala_Lumpur"
}{
    "status": "success",
    "checked": 7,
    "sent": 0,
    "timestamp": "2025-08-26 03:23:12",
    "timezone": "Asia\/Kuala_Lumpur"
}{
    "status": "success",
    "checked": 7,
    "sent": 0,
    "timestamp": "2025-08-26 03:24:12",
    "timezone": "Asia\/Kuala_Lumpur"
}{
    "status": "success",
    "checked": 7,
    "sent": 0,
    "timestamp": "2025-08-26 03:25:12",
    "timezone": "Asia\/Kuala_Lumpur"
}{
    "status": "success",
    "checked": 7,
    "sent": 0,
    "timestamp": "2025-08-26 03:26:12",
    "timezone": "Asia\/Kuala_Lumpur"
}{
    "status": "success",
    "checked": 7,
    "sent": 0,
    "timestamp": "2025-08-26 03:27:12",
    "timezone": "Asia\/Kuala_Lumpur"
}{
    "status": "success",
    "checked": 7,
    "sent": 0,
    "timestamp": "2025-08-26 03:28:12",
    "timezone": "Asia\/Kuala_Lumpur"
}{
    "status": "success",
    "checked": 7,
    "sent": 0,
    "timestamp": "2025-08-26 03:29:12",
    "timezone": "Asia\/Kuala_Lumpur"
}{
    "status": "success",
    "checked": 7,
    "sent": 0,
    "timestamp": "2025-08-26 03:30:12",
    "timezone": "Asia\/Kuala_Lumpur"
}{
    "status": "success",
    "checked": 7,
    "sent": 0,
    "timestamp": "2025-08-26 03:31:12",
    "timezone": "Asia\/Kuala_Lumpur"
}{
    "status": "success",
    "checked": 7,
    "sent": 0,
    "timestamp": "2025-08-26 03:32:12",
    "timezone": "Asia\/Kuala_Lumpur"
}{
    "status": "success",
    "checked": 7,
    "sent": 0,
    "timestamp": "2025-08-26 03:33:12",
    "timezone": "Asia\/Kuala_Lumpur"
}{
    "status": "success",
    "checked": 7,
    "sent": 0,
    "timestamp": "2025-08-26 03:34:12",
    "timezone": "Asia\/Kuala_Lumpur"
}{
    "status": "success",
    "checked": 7,
    "sent": 0,
    "timestamp": "2025-08-26 03:35:12",
    "timezone": "Asia\/Kuala_Lumpur"
}{
    "status": "success",
    "checked": 7,
    "sent": 0,
    "timestamp": "2025-08-26 03:36:12",
    "timezone": "Asia\/Kuala_Lumpur"
}{
    "status": "success",
    "checked": 7,
    "sent": 0,
    "timestamp": "2025-08-26 03:37:12",
    "timezone": "Asia\/Kuala_Lumpur"
}{
    "status": "success",
    "checked": 7,
    "sent": 0,
    "timestamp": "2025-08-26 03:38:12",
    "timezone": "Asia\/Kuala_Lumpur"
}{
    "status": "success",
    "checked": 7,
    "sent": 0,
    "timestamp": "2025-08-26 03:39:12",
    "timezone": "Asia\/Kuala_Lumpur"
}{
    "status": "success",
    "checked": 7,
    "sent": 0,
    "timestamp": "2025-08-26 03:40:12",
    "timezone": "Asia\/Kuala_Lumpur"
}{
    "status": "success",
    "checked": 7,
    "sent": 0,
    "timestamp": "2025-08-26 03:41:12",
    "timezone": "Asia\/Kuala_Lumpur"
}{
    "status": "success",
    "checked": 7,
    "sent": 0,
    "timestamp": "2025-08-26 03:42:12",
    "timezone": "Asia\/Kuala_Lumpur"
}{
    "status": "success",
    "checked": 7,
    "sent": 0,
    "timestamp": "2025-08-26 03:43:12",
    "timezone": "Asia\/Kuala_Lumpur"
}{
    "status": "success",
    "checked": 7,
    "sent": 0,
    "timestamp": "2025-08-26 03:44:12",
    "timezone": "Asia\/Kuala_Lumpur"
}{
    "status": "success",
    "checked": 7,
    "sent": 0,
    "timestamp": "2025-08-26 03:45:12",
    "timezone": "Asia\/Kuala_Lumpur"
}{
    "status": "success",
    "checked": 7,
    "sent": 0,
    "timestamp": "2025-08-26 03:46:12",
    "timezone": "Asia\/Kuala_Lumpur"
}{
    "status": "success",
    "checked": 7,
    "sent": 0,
    "timestamp": "2025-08-26 03:47:12",
    "timezone": "Asia\/Kuala_Lumpur"
}{
    "status": "success",
    "checked": 7,
    "sent": 0,
    "timestamp": "2025-08-26 03:48:12",
    "timezone": "Asia\/Kuala_Lumpur"
}{
    "status": "success",
    "checked": 7,
    "sent": 0,
    "timestamp": "2025-08-26 03:49:12",
    "timezone": "Asia\/Kuala_Lumpur"
}{
    "status": "success",
    "checked": 7,
    "sent": 0,
    "timestamp": "2025-08-26 03:50:12",
    "timezone": "Asia\/Kuala_Lumpur"
}{
    "status": "success",
    "checked": 7,
    "sent": 0,
    "timestamp": "2025-08-26 03:51:12",
    "timezone": "Asia\/Kuala_Lumpur"
}{
    "status": "success",
    "checked": 7,
    "sent": 0,
    "timestamp": "2025-08-26 03:52:12",
    "timezone": "Asia\/Kuala_Lumpur"
}{
    "status": "success",
    "checked": 7,
    "sent": 0,
    "timestamp": "2025-08-26 03:53:12",
    "timezone": "Asia\/Kuala_Lumpur"
}{
    "status": "success",
    "checked": 7,
    "sent": 0,
    "timestamp": "2025-08-26 03:54:12",
    "timezone": "Asia\/Kuala_Lumpur"
}{
    "status": "success",
    "checked": 7,
    "sent": 0,
    "timestamp": "2025-08-26 03:55:12",
    "timezone": "Asia\/Kuala_Lumpur"
}{
    "status": "success",
    "checked": 7,
    "sent": 0,
    "timestamp": "2025-08-26 03:56:12",
    "timezone": "Asia\/Kuala_Lumpur"
}{
    "status": "success",
    "checked": 7,
    "sent": 0,
    "timestamp": "2025-08-26 03:57:12",
    "timezone": "Asia\/Kuala_Lumpur"
}{
    "status": "success",
    "checked": 7,
    "sent": 0,
    "timestamp": "2025-08-26 03:58:12",
    "timezone": "Asia\/Kuala_Lumpur"
}{
    "status": "success",
    "checked": 7,
    "sent": 0,
    "timestamp": "2025-08-26 03:59:12",
    "timezone": "Asia\/Kuala_Lumpur"
}{
    "status": "success",
    "checked": 7,
    "sent": 0,
    "timestamp": "2025-08-26 04:00:12",
    "timezone": "Asia\/Kuala_Lumpur"
}{
    "status": "success",
    "checked": 7,
    "sent": 0,
    "timestamp": "2025-08-26 04:01:12",
    "timezone": "Asia\/Kuala_Lumpur"
}{
    "status": "success",
    "checked": 7,
    "sent": 0,
    "timestamp": "2025-08-26 04:02:12",
    "timezone": "Asia\/Kuala_Lumpur"
}{
    "status": "success",
    "checked": 7,
    "sent": 0,
    "timestamp": "2025-08-26 04:03:12",
    "timezone": "Asia\/Kuala_Lumpur"
}{
    "status": "success",
    "checked": 7,
    "sent": 0,
    "timestamp": "2025-08-26 04:04:12",
    "timezone": "Asia\/Kuala_Lumpur"
}{
    "status": "success",
    "checked": 7,
    "sent": 0,
    "timestamp": "2025-08-26 04:05:12",
    "timezone": "Asia\/Kuala_Lumpur"
}{
    "status": "success",
    "checked": 7,
    "sent": 0,
    "timestamp": "2025-08-26 04:06:12",
    "timezone": "Asia\/Kuala_Lumpur"
}{
    "status": "success",
    "checked": 7,
    "sent": 0,
    "timestamp": "2025-08-26 04:07:12",
    "timezone": "Asia\/Kuala_Lumpur"
}{
    "status": "success",
    "checked": 7,
    "sent": 0,
    "timestamp": "2025-08-26 04:08:12",
    "timezone": "Asia\/Kuala_Lumpur"
}{
    "status": "success",
    "checked": 7,
    "sent": 0,
    "timestamp": "2025-08-26 04:09:12",
    "timezone": "Asia\/Kuala_Lumpur"
}{
    "status": "success",
    "checked": 7,
    "sent": 0,
    "timestamp": "2025-08-26 04:10:12",
    "timezone": "Asia\/Kuala_Lumpur"
}{
    "status": "success",
    "checked": 7,
    "sent": 0,
    "timestamp": "2025-08-26 04:11:12",
    "timezone": "Asia\/Kuala_Lumpur"
}{
    "status": "success",
    "checked": 7,
    "sent": 0,
    "timestamp": "2025-08-26 04:12:12",
    "timezone": "Asia\/Kuala_Lumpur"
}{
    "status": "success",
    "checked": 7,
    "sent": 0,
    "timestamp": "2025-08-26 04:13:12",
    "timezone": "Asia\/Kuala_Lumpur"
}{
    "status": "success",
    "checked": 7,
    "sent": 0,
    "timestamp": "2025-08-26 04:14:12",
    "timezone": "Asia\/Kuala_Lumpur"
}{
    "status": "success",
    "checked": 7,
    "sent": 0,
    "timestamp": "2025-08-26 04:15:12",
    "timezone": "Asia\/Kuala_Lumpur"
}{
    "status": "success",
    "checked": 7,
    "sent": 0,
    "timestamp": "2025-08-26 04:16:12",
    "timezone": "Asia\/Kuala_Lumpur"
}{
    "status": "success",
    "checked": 7,
    "sent": 0,
    "timestamp": "2025-08-26 04:17:12",
    "timezone": "Asia\/Kuala_Lumpur"
}{
    "status": "success",
    "checked": 7,
    "sent": 0,
    "timestamp": "2025-08-26 04:18:12",
    "timezone": "Asia\/Kuala_Lumpur"
}{
    "status": "success",
    "checked": 7,
    "sent": 0,
    "timestamp": "2025-08-26 04:19:12",
    "timezone": "Asia\/Kuala_Lumpur"
}{
    "status": "success",
    "checked": 7,
    "sent": 0,
    "timestamp": "2025-08-26 04:20:12",
    "timezone": "Asia\/Kuala_Lumpur"
}{
    "status": "success",
    "checked": 7,
    "sent": 0,
    "timestamp": "2025-08-26 04:21:12",
    "timezone": "Asia\/Kuala_Lumpur"
}{
    "status": "success",
    "checked": 7,
    "sent": 0,
    "timestamp": "2025-08-26 04:22:12",
    "timezone": "Asia\/Kuala_Lumpur"
}{
    "status": "success",
    "checked": 7,
    "sent": 0,
    "timestamp": "2025-08-26 04:23:12",
    "timezone": "Asia\/Kuala_Lumpur"
}{
    "status": "success",
    "checked": 7,
    "sent": 0,
    "timestamp": "2025-08-26 04:24:12",
    "timezone": "Asia\/Kuala_Lumpur"
}{
    "status": "success",
    "checked": 7,
    "sent": 0,
    "timestamp": "2025-08-26 04:25:12",
    "timezone": "Asia\/Kuala_Lumpur"
}{
    "status": "success",
    "checked": 7,
    "sent": 0,
    "timestamp": "2025-08-26 04:26:12",
    "timezone": "Asia\/Kuala_Lumpur"
}{
    "status": "success",
    "checked": 7,
    "sent": 0,
    "timestamp": "2025-08-26 04:27:12",
    "timezone": "Asia\/Kuala_Lumpur"
}{
    "status": "success",
    "checked": 7,
    "sent": 0,
    "timestamp": "2025-08-26 04:28:12",
    "timezone": "Asia\/Kuala_Lumpur"
}{
    "status": "success",
    "checked": 7,
    "sent": 0,
    "timestamp": "2025-08-26 04:29:12",
    "timezone": "Asia\/Kuala_Lumpur"
}{
    "status": "success",
    "checked": 7,
    "sent": 0,
    "timestamp": "2025-08-26 04:30:12",
    "timezone": "Asia\/Kuala_Lumpur"
}{
    "status": "success",
    "checked": 7,
    "sent": 0,
    "timestamp": "2025-08-26 04:31:12",
    "timezone": "Asia\/Kuala_Lumpur"
}{
    "status": "success",
    "checked": 7,
    "sent": 0,
    "timestamp": "2025-08-26 04:32:12",
    "timezone": "Asia\/Kuala_Lumpur"
}{
    "status": "success",
    "checked": 7,
    "sent": 0,
    "timestamp": "2025-08-26 04:33:12",
    "timezone": "Asia\/Kuala_Lumpur"
}{
    "status": "success",
    "checked": 7,
    "sent": 0,
    "timestamp": "2025-08-26 04:34:12",
    "timezone": "Asia\/Kuala_Lumpur"
}{
    "status": "success",
    "checked": 7,
    "sent": 0,
    "timestamp": "2025-08-26 04:35:12",
    "timezone": "Asia\/Kuala_Lumpur"
}{
    "status": "success",
    "checked": 7,
    "sent": 0,
    "timestamp": "2025-08-26 04:36:12",
    "timezone": "Asia\/Kuala_Lumpur"
}{
    "status": "success",
    "checked": 7,
    "sent": 0,
    "timestamp": "2025-08-26 04:37:12",
    "timezone": "Asia\/Kuala_Lumpur"
}{
    "status": "success",
    "checked": 7,
    "sent": 0,
    "timestamp": "2025-08-26 04:38:12",
    "timezone": "Asia\/Kuala_Lumpur"
}{
    "status": "success",
    "checked": 7,
    "sent": 0,
    "timestamp": "2025-08-26 04:39:12",
    "timezone": "Asia\/Kuala_Lumpur"
}{
    "status": "success",
    "checked": 7,
    "sent": 0,
    "timestamp": "2025-08-26 04:40:12",
    "timezone": "Asia\/Kuala_Lumpur"
}{
    "status": "success",
    "checked": 7,
    "sent": 0,
    "timestamp": "2025-08-26 04:41:12",
    "timezone": "Asia\/Kuala_Lumpur"
}{
    "status": "success",
    "checked": 7,
    "sent": 0,
    "timestamp": "2025-08-26 04:42:12",
    "timezone": "Asia\/Kuala_Lumpur"
}{
    "status": "success",
    "checked": 7,
    "sent": 0,
    "timestamp": "2025-08-26 04:43:12",
    "timezone": "Asia\/Kuala_Lumpur"
}{
    "status": "success",
    "checked": 7,
    "sent": 0,
    "timestamp": "2025-08-26 04:44:12",
    "timezone": "Asia\/Kuala_Lumpur"
}{
    "status": "success",
    "checked": 7,
    "sent": 0,
    "timestamp": "2025-08-26 04:45:12",
    "timezone": "Asia\/Kuala_Lumpur"
}{
    "status": "success",
    "checked": 7,
    "sent": 0,
    "timestamp": "2025-08-26 04:46:12",
    "timezone": "Asia\/Kuala_Lumpur"
}{
    "status": "success",
    "checked": 7,
    "sent": 0,
    "timestamp": "2025-08-26 04:47:12",
    "timezone": "Asia\/Kuala_Lumpur"
}{
    "status": "success",
    "checked": 7,
    "sent": 0,
    "timestamp": "2025-08-26 04:48:12",
    "timezone": "Asia\/Kuala_Lumpur"
}{
    "status": "success",
    "checked": 7,
    "sent": 0,
    "timestamp": "2025-08-26 04:49:12",
    "timezone": "Asia\/Kuala_Lumpur"
}{
    "status": "success",
    "checked": 7,
    "sent": 0,
    "timestamp": "2025-08-26 04:50:12",
    "timezone": "Asia\/Kuala_Lumpur"
}{
    "status": "success",
    "checked": 7,
    "sent": 0,
    "timestamp": "2025-08-26 04:51:12",
    "timezone": "Asia\/Kuala_Lumpur"
}{
    "status": "success",
    "checked": 7,
    "sent": 0,
    "timestamp": "2025-08-26 04:52:12",
    "timezone": "Asia\/Kuala_Lumpur"
}{
    "status": "success",
    "checked": 7,
    "sent": 0,
    "timestamp": "2025-08-26 04:53:12",
    "timezone": "Asia\/Kuala_Lumpur"
}{
    "status": "success",
    "checked": 7,
    "sent": 0,
    "timestamp": "2025-08-26 04:54:12",
    "timezone": "Asia\/Kuala_Lumpur"
}{
    "status": "success",
    "checked": 7,
    "sent": 0,
    "timestamp": "2025-08-26 04:55:12",
    "timezone": "Asia\/Kuala_Lumpur"
}{
    "status": "success",
    "checked": 7,
    "sent": 0,
    "timestamp": "2025-08-26 04:56:12",
    "timezone": "Asia\/Kuala_Lumpur"
}{
    "status": "success",
    "checked": 7,
    "sent": 0,
    "timestamp": "2025-08-26 04:57:12",
    "timezone": "Asia\/Kuala_Lumpur"
}{
    "status": "success",
    "checked": 7,
    "sent": 0,
    "timestamp": "2025-08-26 04:58:12",
    "timezone": "Asia\/Kuala_Lumpur"
}{
    "status": "success",
    "checked": 7,
    "sent": 0,
    "timestamp": "2025-08-26 04:59:12",
    "timezone": "Asia\/Kuala_Lumpur"
}{
    "status": "success",
    "checked": 7,
    "sent": 0,
    "timestamp": "2025-08-26 05:00:12",
    "timezone": "Asia\/Kuala_Lumpur"
}{
    "status": "success",
    "checked": 7,
    "sent": 0,
    "timestamp": "2025-08-26 05:01:12",
    "timezone": "Asia\/Kuala_Lumpur"
}{
    "status": "success",
    "checked": 7,
    "sent": 0,
    "timestamp": "2025-08-26 05:02:12",
    "timezone": "Asia\/Kuala_Lumpur"
}{
    "status": "success",
    "checked": 7,
    "sent": 0,
    "timestamp": "2025-08-26 05:03:12",
    "timezone": "Asia\/Kuala_Lumpur"
}{
    "status": "success",
    "checked": 7,
    "sent": 0,
    "timestamp": "2025-08-26 05:04:12",
    "timezone": "Asia\/Kuala_Lumpur"
}{
    "status": "success",
    "checked": 7,
    "sent": 0,
    "timestamp": "2025-08-26 05:05:12",
    "timezone": "Asia\/Kuala_Lumpur"
}{
    "status": "success",
    "checked": 7,
    "sent": 0,
    "timestamp": "2025-08-26 05:06:12",
    "timezone": "Asia\/Kuala_Lumpur"
}{
    "status": "success",
    "checked": 7,
    "sent": 0,
    "timestamp": "2025-08-26 05:07:12",
    "timezone": "Asia\/Kuala_Lumpur"
}{
    "status": "success",
    "checked": 7,
    "sent": 0,
    "timestamp": "2025-08-26 05:08:12",
    "timezone": "Asia\/Kuala_Lumpur"
}{
    "status": "success",
    "checked": 7,
    "sent": 0,
    "timestamp": "2025-08-26 05:09:12",
    "timezone": "Asia\/Kuala_Lumpur"
}{
    "status": "success",
    "checked": 7,
    "sent": 0,
    "timestamp": "2025-08-26 05:10:12",
    "timezone": "Asia\/Kuala_Lumpur"
}{
    "status": "success",
    "checked": 7,
    "sent": 0,
    "timestamp": "2025-08-26 05:11:12",
    "timezone": "Asia\/Kuala_Lumpur"
}{
    "status": "success",
    "checked": 7,
    "sent": 0,
    "timestamp": "2025-08-26 05:12:12",
    "timezone": "Asia\/Kuala_Lumpur"
}{
    "status": "success",
    "checked": 7,
    "sent": 0,
    "timestamp": "2025-08-26 05:13:12",
    "timezone": "Asia\/Kuala_Lumpur"
}{
    "status": "success",
    "checked": 7,
    "sent": 0,
    "timestamp": "2025-08-26 05:14:12",
    "timezone": "Asia\/Kuala_Lumpur"
}{
    "status": "success",
    "checked": 7,
    "sent": 0,
    "timestamp": "2025-08-26 05:15:12",
    "timezone": "Asia\/Kuala_Lumpur"
}{
    "status": "success",
    "checked": 7,
    "sent": 0,
    "timestamp": "2025-08-26 05:16:12",
    "timezone": "Asia\/Kuala_Lumpur"
}{
    "status": "success",
    "checked": 7,
    "sent": 0,
    "timestamp": "2025-08-26 05:17:12",
    "timezone": "Asia\/Kuala_Lumpur"
}{
    "status": "success",
    "checked": 7,
    "sent": 0,
    "timestamp": "2025-08-26 05:18:12",
    "timezone": "Asia\/Kuala_Lumpur"
}{
    "status": "success",
    "checked": 7,
    "sent": 0,
    "timestamp": "2025-08-26 05:19:12",
    "timezone": "Asia\/Kuala_Lumpur"
}{
    "status": "success",
    "checked": 7,
    "sent": 0,
    "timestamp": "2025-08-26 05:20:12",
    "timezone": "Asia\/Kuala_Lumpur"
}{
    "status": "success",
    "checked": 7,
    "sent": 0,
    "timestamp": "2025-08-26 05:21:12",
    "timezone": "Asia\/Kuala_Lumpur"
}{
    "status": "success",
    "checked": 7,
    "sent": 0,
    "timestamp": "2025-08-26 05:22:12",
    "timezone": "Asia\/Kuala_Lumpur"
}{
    "status": "success",
    "checked": 7,
    "sent": 0,
    "timestamp": "2025-08-26 05:23:12",
    "timezone": "Asia\/Kuala_Lumpur"
}{
    "status": "success",
    "checked": 7,
    "sent": 0,
    "timestamp": "2025-08-26 05:24:12",
    "timezone": "Asia\/Kuala_Lumpur"
}{
    "status": "success",
    "checked": 7,
    "sent": 0,
    "timestamp": "2025-08-26 05:25:12",
    "timezone": "Asia\/Kuala_Lumpur"
}{
    "status": "success",
    "checked": 7,
    "sent": 0,
    "timestamp": "2025-08-26 05:26:12",
    "timezone": "Asia\/Kuala_Lumpur"
}{
    "status": "success",
    "checked": 7,
    "sent": 0,
    "timestamp": "2025-08-26 05:27:12",
    "timezone": "Asia\/Kuala_Lumpur"
}{
    "status": "success",
    "checked": 7,
    "sent": 0,
    "timestamp": "2025-08-26 05:28:12",
    "timezone": "Asia\/Kuala_Lumpur"
}{
    "status": "success",
    "checked": 7,
    "sent": 0,
    "timestamp": "2025-08-26 05:29:12",
    "timezone": "Asia\/Kuala_Lumpur"
}{
    "status": "success",
    "checked": 7,
    "sent": 0,
    "timestamp": "2025-08-26 05:30:12",
    "timezone": "Asia\/Kuala_Lumpur"
}{
    "status": "success",
    "checked": 7,
    "sent": 0,
    "timestamp": "2025-08-26 05:31:12",
    "timezone": "Asia\/Kuala_Lumpur"
}{
    "status": "success",
    "checked": 7,
    "sent": 0,
    "timestamp": "2025-08-26 05:32:12",
    "timezone": "Asia\/Kuala_Lumpur"
}{
    "status": "success",
    "checked": 7,
    "sent": 0,
    "timestamp": "2025-08-26 05:33:12",
    "timezone": "Asia\/Kuala_Lumpur"
}{
    "status": "success",
    "checked": 7,
    "sent": 0,
    "timestamp": "2025-08-26 05:34:12",
    "timezone": "Asia\/Kuala_Lumpur"
}{
    "status": "success",
    "checked": 7,
    "sent": 0,
    "timestamp": "2025-08-26 05:35:12",
    "timezone": "Asia\/Kuala_Lumpur"
}{
    "status": "success",
    "checked": 7,
    "sent": 0,
    "timestamp": "2025-08-26 05:36:12",
    "timezone": "Asia\/Kuala_Lumpur"
}{
    "status": "success",
    "checked": 7,
    "sent": 0,
    "timestamp": "2025-08-26 05:37:12",
    "timezone": "Asia\/Kuala_Lumpur"
}{
    "status": "success",
    "checked": 7,
    "sent": 0,
    "timestamp": "2025-08-26 05:38:12",
    "timezone": "Asia\/Kuala_Lumpur"
}{
    "status": "success",
    "checked": 7,
    "sent": 0,
    "timestamp": "2025-08-26 05:39:12",
    "timezone": "Asia\/Kuala_Lumpur"
}{
    "status": "success",
    "checked": 7,
    "sent": 0,
    "timestamp": "2025-08-26 05:40:12",
    "timezone": "Asia\/Kuala_Lumpur"
}{
    "status": "success",
    "checked": 7,
    "sent": 0,
    "timestamp": "2025-08-26 05:41:12",
    "timezone": "Asia\/Kuala_Lumpur"
}{
    "status": "success",
    "checked": 7,
    "sent": 0,
    "timestamp": "2025-08-26 05:42:12",
    "timezone": "Asia\/Kuala_Lumpur"
}{
    "status": "success",
    "checked": 7,
    "sent": 0,
    "timestamp": "2025-08-26 05:43:12",
    "timezone": "Asia\/Kuala_Lumpur"
}{
    "status": "success",
    "checked": 7,
    "sent": 0,
    "timestamp": "2025-08-26 05:44:12",
    "timezone": "Asia\/Kuala_Lumpur"
}{
    "status": "success",
    "checked": 7,
    "sent": 0,
    "timestamp": "2025-08-26 05:45:12",
    "timezone": "Asia\/Kuala_Lumpur"
}{
    "status": "success",
    "checked": 7,
    "sent": 0,
    "timestamp": "2025-08-26 05:46:12",
    "timezone": "Asia\/Kuala_Lumpur"
}{
    "status": "success",
    "checked": 7,
    "sent": 0,
    "timestamp": "2025-08-26 05:47:12",
    "timezone": "Asia\/Kuala_Lumpur"
}{
    "status": "success",
    "checked": 7,
    "sent": 0,
    "timestamp": "2025-08-26 05:48:12",
    "timezone": "Asia\/Kuala_Lumpur"
}{
    "status": "success",
    "checked": 7,
    "sent": 0,
    "timestamp": "2025-08-26 05:49:12",
    "timezone": "Asia\/Kuala_Lumpur"
}{
    "status": "success",
    "checked": 7,
    "sent": 0,
    "timestamp": "2025-08-26 05:50:12",
    "timezone": "Asia\/Kuala_Lumpur"
}{
    "status": "success",
    "checked": 7,
    "sent": 0,
    "timestamp": "2025-08-26 05:51:12",
    "timezone": "Asia\/Kuala_Lumpur"
}{
    "status": "success",
    "checked": 7,
    "sent": 0,
    "timestamp": "2025-08-26 05:52:12",
    "timezone": "Asia\/Kuala_Lumpur"
}{
    "status": "success",
    "checked": 7,
    "sent": 0,
    "timestamp": "2025-08-26 05:53:12",
    "timezone": "Asia\/Kuala_Lumpur"
}{
    "status": "success",
    "checked": 7,
    "sent": 0,
    "timestamp": "2025-08-26 05:54:12",
    "timezone": "Asia\/Kuala_Lumpur"
}{
    "status": "success",
    "checked": 7,
    "sent": 0,
    "timestamp": "2025-08-26 05:55:12",
    "timezone": "Asia\/Kuala_Lumpur"
}{
    "status": "success",
    "checked": 7,
    "sent": 0,
    "timestamp": "2025-08-26 05:56:12",
    "timezone": "Asia\/Kuala_Lumpur"
}{
    "status": "success",
    "checked": 7,
    "sent": 0,
    "timestamp": "2025-08-26 05:57:12",
    "timezone": "Asia\/Kuala_Lumpur"
}{
    "status": "success",
    "checked": 7,
    "sent": 0,
    "timestamp": "2025-08-26 05:58:12",
    "timezone": "Asia\/Kuala_Lumpur"
}{
    "status": "success",
    "checked": 7,
    "sent": 0,
    "timestamp": "2025-08-26 05:59:12",
    "timezone": "Asia\/Kuala_Lumpur"
}{
    "status": "success",
    "checked": 7,
    "sent": 4,
    "timestamp": "2025-08-26 06:00:15",
    "timezone": "Asia\/Kuala_Lumpur"
}{
    "status": "success",
    "checked": 7,
    "sent": 0,
    "timestamp": "2025-08-26 06:01:15",
    "timezone": "Asia\/Kuala_Lumpur"
}{
    "status": "success",
    "checked": 7,
    "sent": 0,
    "timestamp": "2025-08-26 06:02:15",
    "timezone": "Asia\/Kuala_Lumpur"
}{
    "status": "success",
    "checked": 7,
    "sent": 0,
    "timestamp": "2025-08-26 06:03:15",
    "timezone": "Asia\/Kuala_Lumpur"
}{
    "status": "success",
    "checked": 7,
    "sent": 0,
    "timestamp": "2025-08-26 06:04:15",
    "timezone": "Asia\/Kuala_Lumpur"
}{
    "status": "success",
    "checked": 7,
    "sent": 0,
    "timestamp": "2025-08-26 06:05:15",
    "timezone": "Asia\/Kuala_Lumpur"
}{
    "status": "success",
    "checked": 7,
    "sent": 0,
    "timestamp": "2025-08-26 06:06:15",
    "timezone": "Asia\/Kuala_Lumpur"
}{
    "status": "success",
    "checked": 7,
    "sent": 0,
    "timestamp": "2025-08-26 06:07:15",
    "timezone": "Asia\/Kuala_Lumpur"
}{
    "status": "success",
    "checked": 7,
    "sent": 0,
    "timestamp": "2025-08-26 06:08:15",
    "timezone": "Asia\/Kuala_Lumpur"
}{
    "status": "success",
    "checked": 7,
    "sent": 0,
    "timestamp": "2025-08-26 06:09:15",
    "timezone": "Asia\/Kuala_Lumpur"
}{
    "status": "success",
    "checked": 7,
    "sent": 0,
    "timestamp": "2025-08-26 06:10:15",
    "timezone": "Asia\/Kuala_Lumpur"
}{
    "status": "success",
    "checked": 7,
    "sent": 0,
    "timestamp": "2025-08-26 06:11:15",
    "timezone": "Asia\/Kuala_Lumpur"
}{
    "status": "success",
    "checked": 7,
    "sent": 0,
    "timestamp": "2025-08-26 06:12:15",
    "timezone": "Asia\/Kuala_Lumpur"
}{
    "status": "success",
    "checked": 7,
    "sent": 0,
    "timestamp": "2025-08-26 06:13:15",
    "timezone": "Asia\/Kuala_Lumpur"
}{
    "status": "success",
    "checked": 7,
    "sent": 0,
    "timestamp": "2025-08-26 06:14:15",
    "timezone": "Asia\/Kuala_Lumpur"
}{
    "status": "success",
    "checked": 7,
    "sent": 0,
    "timestamp": "2025-08-26 06:15:15",
    "timezone": "Asia\/Kuala_Lumpur"
}{
    "status": "success",
    "checked": 7,
    "sent": 0,
    "timestamp": "2025-08-26 06:16:15",
    "timezone": "Asia\/Kuala_Lumpur"
}{
    "status": "success",
    "checked": 7,
    "sent": 0,
    "timestamp": "2025-08-26 06:17:15",
    "timezone": "Asia\/Kuala_Lumpur"
}{
    "status": "success",
    "checked": 7,
    "sent": 0,
    "timestamp": "2025-08-26 06:18:15",
    "timezone": "Asia\/Kuala_Lumpur"
}{
    "status": "success",
    "checked": 7,
    "sent": 0,
    "timestamp": "2025-08-26 06:19:15",
    "timezone": "Asia\/Kuala_Lumpur"
}{
    "status": "success",
    "checked": 7,
    "sent": 0,
    "timestamp": "2025-08-26 06:20:15",
    "timezone": "Asia\/Kuala_Lumpur"
}{
    "status": "success",
    "checked": 7,
    "sent": 0,
    "timestamp": "2025-08-26 06:21:15",
    "timezone": "Asia\/Kuala_Lumpur"
}{
    "status": "success",
    "checked": 7,
    "sent": 0,
    "timestamp": "2025-08-26 06:22:15",
    "timezone": "Asia\/Kuala_Lumpur"
}{
    "status": "success",
    "checked": 7,
    "sent": 0,
    "timestamp": "2025-08-26 06:23:15",
    "timezone": "Asia\/Kuala_Lumpur"
}