[2025-08-12 06:48:00] Sending to player_ids: ["c73bf707-3d29-4a60-b241-e8161138eee1","eb1e78f9-ec13-4e46-97cc-cdc57a0e3c64"] | Payload: {"app_id":"eff1e397-c7ae-468d-9cd5-c673ba80821d","include_player_ids":["c73bf707-3d29-4a60-b241-e8161138eee1","eb1e78f9-ec13-4e46-97cc-cdc57a0e3c64"],"headings":{"en":"Task created"},"contents":{"en":"Task \"Task created\" has been created (ID #30)."},"data":{"type":"task_created","task_id":30}}
[2025-08-12 06:48:00] HTTP 200 | Error:  | Response: {"id":"4198a729-4040-428d-9645-c6400198ef10","external_id":null}
[2025-08-14 06:46:32] Sending to player_ids: ["c73bf707-3d29-4a60-b241-e8161138eee1","eb1e78f9-ec13-4e46-97cc-cdc57a0e3c64"] | Payload: {"app_id":"eff1e397-c7ae-468d-9cd5-c673ba80821d","include_player_ids":["c73bf707-3d29-4a60-b241-e8161138eee1","eb1e78f9-ec13-4e46-97cc-cdc57a0e3c64"],"headings":{"en":"Project created"},"contents":{"en":"Project \"Project created\" has been created (ID #9)."},"data":{"type":"project_created","project_id":9}}
[2025-08-14 06:46:33] HTTP 200 | Error:  | Response: {"id":"300ecd69-792c-420d-8438-7aad67aaf1a8","external_id":null}
[2025-08-14 06:47:14] Sending to player_ids: ["c73bf707-3d29-4a60-b241-e8161138eee1","eb1e78f9-ec13-4e46-97cc-cdc57a0e3c64"] | Payload: {"app_id":"eff1e397-c7ae-468d-9cd5-c673ba80821d","include_player_ids":["c73bf707-3d29-4a60-b241-e8161138eee1","eb1e78f9-ec13-4e46-97cc-cdc57a0e3c64"],"headings":{"en":"Project created"},"contents":{"en":"Project \"Project created\" has been created (ID #10)."},"data":{"type":"project_created","project_id":10}}
[2025-08-14 06:47:15] HTTP 200 | Error:  | Response: {"id":"11f1078b-ae68-4b15-b928-7684051ab19e","external_id":null}
[2025-08-14 09:17:34] Sending to player_ids: ["c73bf707-3d29-4a60-b241-e8161138eee1","eb1e78f9-ec13-4e46-97cc-cdc57a0e3c64"] | Payload: {"app_id":"eff1e397-c7ae-468d-9cd5-c673ba80821d","include_player_ids":["c73bf707-3d29-4a60-b241-e8161138eee1","eb1e78f9-ec13-4e46-97cc-cdc57a0e3c64"],"headings":{"en":"Task created"},"contents":{"en":"Task \"Task created\" has been created (ID #31)."},"data":{"type":"task_created","task_id":31}}
[2025-08-14 09:17:35] HTTP 200 | Error:  | Response: {"id":"c519eabb-29c4-4d48-a8a3-ab357f70e006","external_id":null}
[2025-08-14 13:14:46] Sending to player_ids: ["c73bf707-3d29-4a60-b241-e8161138eee1","578c81e0-f5a0-42d1-a8ff-e44d66ecdd19","eb1e78f9-ec13-4e46-97cc-cdc57a0e3c64"] | Payload: {"app_id":"eff1e397-c7ae-468d-9cd5-c673ba80821d","include_player_ids":["c73bf707-3d29-4a60-b241-e8161138eee1","578c81e0-f5a0-42d1-a8ff-e44d66ecdd19","eb1e78f9-ec13-4e46-97cc-cdc57a0e3c64"],"headings":{"en":"Project created"},"contents":{"en":"Project \"Project created\" has been created (ID #11)."},"data":{"type":"project_created","project_id":11}}
[2025-08-14 13:14:47] HTTP 200 | Error:  | Response: {"id":"8cb7f4e2-4d03-493f-90c7-708d590a6160","external_id":null}
[2025-08-14 13:15:47] Sending to player_ids: ["c73bf707-3d29-4a60-b241-e8161138eee1","578c81e0-f5a0-42d1-a8ff-e44d66ecdd19","eb1e78f9-ec13-4e46-97cc-cdc57a0e3c64"] | Payload: {"app_id":"eff1e397-c7ae-468d-9cd5-c673ba80821d","include_player_ids":["c73bf707-3d29-4a60-b241-e8161138eee1","578c81e0-f5a0-42d1-a8ff-e44d66ecdd19","eb1e78f9-ec13-4e46-97cc-cdc57a0e3c64"],"headings":{"en":"Task created"},"contents":{"en":"Task \"Task created\" has been created (ID #32)."},"data":{"type":"task_created","task_id":32}}
[2025-08-14 13:15:48] HTTP 200 | Error:  | Response: {"id":"7c9f2bee-0fd2-468c-aa19-da92f6bd9da2","external_id":null}
[2025-08-18 22:50:22] Sending to player_ids: ["c73bf707-3d29-4a60-b241-e8161138eee1","eb1e78f9-ec13-4e46-97cc-cdc57a0e3c64"] | Payload: {"app_id":"eff1e397-c7ae-468d-9cd5-c673ba80821d","include_player_ids":["c73bf707-3d29-4a60-b241-e8161138eee1","eb1e78f9-ec13-4e46-97cc-cdc57a0e3c64"],"headings":{"en":"Project created"},"contents":{"en":"Project \"Project created\" has been created (ID #12)."},"data":{"type":"project_created","project_id":12}}
[2025-08-18 22:50:23] HTTP 200 | Error:  | Response: {"id":"6af40573-4b73-47eb-89ac-773d120a44aa","external_id":null}
[2025-08-18 22:51:16] Sending to player_ids: ["c73bf707-3d29-4a60-b241-e8161138eee1","eb1e78f9-ec13-4e46-97cc-cdc57a0e3c64"] | Payload: {"app_id":"eff1e397-c7ae-468d-9cd5-c673ba80821d","include_player_ids":["c73bf707-3d29-4a60-b241-e8161138eee1","eb1e78f9-ec13-4e46-97cc-cdc57a0e3c64"],"headings":{"en":"Task created"},"contents":{"en":"Task \"Task created\" has been created (ID #33)."},"data":{"type":"task_created","task_id":33}}
[2025-08-18 22:51:18] HTTP 200 | Error:  | Response: {"id":"597cb48e-a18d-472b-9d55-101df162999e","external_id":null}
[2025-08-25 17:07:00] Sending to player_ids: ["65669958-56b4-49b2-a04d-37b541b32ce2","f4eb066b-1de6-4425-af6c-fff17ff9528c","99067116-475d-416b-a384-19d463962db9"] | Payload: {"app_id":"eff1e397-c7ae-468d-9cd5-c673ba80821d","include_player_ids":["65669958-56b4-49b2-a04d-37b541b32ce2","f4eb066b-1de6-4425-af6c-fff17ff9528c","99067116-475d-416b-a384-19d463962db9"],"headings":{"en":"Project created"},"contents":{"en":"Project \"Project created\" has been created (ID #13)."},"data":{"type":"project_created","project_id":13}}
[2025-08-25 17:07:01] HTTP 200 | Error:  | Response: {"id":"41935289-3928-49e0-9e9b-5ad519472c5a","external_id":null,"errors":{"invalid_player_ids":["65669958-56b4-49b2-a04d-37b541b32ce2"]}}
[2025-08-25 17:07:01] Sending to player_ids: ["61c3289e-4c09-4154-b005-76e3bcbf47c5"] | Payload: {"app_id":"eff1e397-c7ae-468d-9cd5-c673ba80821d","include_player_ids":["61c3289e-4c09-4154-b005-76e3bcbf47c5"],"headings":{"en":"Project created"},"contents":{"en":"Project \"Project created\" has been created (ID #13)."},"data":{"type":"project_created","project_id":13}}
[2025-08-25 17:07:02] HTTP 200 | Error:  | Response: {"id":"8dfe6382-db1d-46d4-8aea-ebdc35b9cc51","external_id":null}
[2025-08-25 17:19:03] Sending to player_ids: ["65669958-56b4-49b2-a04d-37b541b32ce2","f4eb066b-1de6-4425-af6c-fff17ff9528c","99067116-475d-416b-a384-19d463962db9"] | Payload: {"app_id":"eff1e397-c7ae-468d-9cd5-c673ba80821d","include_player_ids":["65669958-56b4-49b2-a04d-37b541b32ce2","f4eb066b-1de6-4425-af6c-fff17ff9528c","99067116-475d-416b-a384-19d463962db9"],"headings":{"en":"Project created"},"contents":{"en":"Project \"Project created\" has been created (ID #14)."},"data":{"type":"project_created","project_id":14}}
[2025-08-25 17:19:04] HTTP 200 | Error:  | Response: {"id":"dcf4f1d5-11f0-40cb-b9b0-db9d2f176f4f","external_id":null,"errors":{"invalid_player_ids":["65669958-56b4-49b2-a04d-37b541b32ce2","f4eb066b-1de6-4425-af6c-fff17ff9528c"]}}
[2025-08-25 17:19:04] Sending to player_ids: ["61c3289e-4c09-4154-b005-76e3bcbf47c5"] | Payload: {"app_id":"eff1e397-c7ae-468d-9cd5-c673ba80821d","include_player_ids":["61c3289e-4c09-4154-b005-76e3bcbf47c5"],"headings":{"en":"Project created"},"contents":{"en":"Project \"Project created\" has been created (ID #14)."},"data":{"type":"project_created","project_id":14}}
[2025-08-25 17:19:05] HTTP 200 | Error:  | Response: {"id":"374dbc4f-0992-4e06-8a35-fca5f049987c","external_id":null}
[2025-08-25 17:22:41] Sending to player_ids: ["65669958-56b4-49b2-a04d-37b541b32ce2","f4eb066b-1de6-4425-af6c-fff17ff9528c","99067116-475d-416b-a384-19d463962db9"] | Payload: {"app_id":"eff1e397-c7ae-468d-9cd5-c673ba80821d","include_player_ids":["65669958-56b4-49b2-a04d-37b541b32ce2","f4eb066b-1de6-4425-af6c-fff17ff9528c","99067116-475d-416b-a384-19d463962db9"],"headings":{"en":"Project created"},"contents":{"en":"Project \"Project created\" has been created (ID #15)."},"data":{"type":"project_created","project_id":15}}
[2025-08-25 17:22:42] HTTP 200 | Error:  | Response: {"id":"d8907503-61ca-4716-85ba-f5c869518bc2","external_id":null,"errors":{"invalid_player_ids":["65669958-56b4-49b2-a04d-37b541b32ce2","f4eb066b-1de6-4425-af6c-fff17ff9528c"]}}
[2025-08-25 17:22:42] Sending to player_ids: ["ed946330-51cc-4092-9399-786a01fb7a23"] | Payload: {"app_id":"eff1e397-c7ae-468d-9cd5-c673ba80821d","include_player_ids":["ed946330-51cc-4092-9399-786a01fb7a23"],"headings":{"en":"Project created"},"contents":{"en":"Project \"Project created\" has been created (ID #15)."},"data":{"type":"project_created","project_id":15}}
[2025-08-25 17:22:42] HTTP 200 | Error:  | Response: {"id":"604af51e-50ae-4ddc-b151-985f9c29b38d","external_id":null}
[2025-08-25 17:23:35] Sending to player_ids: ["65669958-56b4-49b2-a04d-37b541b32ce2","f4eb066b-1de6-4425-af6c-fff17ff9528c","99067116-475d-416b-a384-19d463962db9"] | Payload: {"app_id":"eff1e397-c7ae-468d-9cd5-c673ba80821d","include_player_ids":["65669958-56b4-49b2-a04d-37b541b32ce2","f4eb066b-1de6-4425-af6c-fff17ff9528c","99067116-475d-416b-a384-19d463962db9"],"headings":{"en":"Project created"},"contents":{"en":"Project \"Project created\" has been created (ID #16)."},"data":{"type":"project_created","project_id":16}}
[2025-08-25 17:23:36] HTTP 200 | Error:  | Response: {"id":"869e7e2d-25ac-4d4e-adc2-f204bfd0b941","external_id":null,"errors":{"invalid_player_ids":["65669958-56b4-49b2-a04d-37b541b32ce2","f4eb066b-1de6-4425-af6c-fff17ff9528c"]}}
[2025-08-25 17:23:36] Sending to player_ids: ["ed946330-51cc-4092-9399-786a01fb7a23"] | Payload: {"app_id":"eff1e397-c7ae-468d-9cd5-c673ba80821d","include_player_ids":["ed946330-51cc-4092-9399-786a01fb7a23"],"headings":{"en":"Project created"},"contents":{"en":"Project \"Project created\" has been created (ID #16)."},"data":{"type":"project_created","project_id":16}}
[2025-08-25 17:23:37] HTTP 200 | Error:  | Response: {"id":"606e1fd0-b6b3-4be8-b1b1-41daff433587","external_id":null}
[2025-08-25 17:27:40] Sending to player_ids: ["65669958-56b4-49b2-a04d-37b541b32ce2","f4eb066b-1de6-4425-af6c-fff17ff9528c","99067116-475d-416b-a384-19d463962db9"] | Payload: {"app_id":"eff1e397-c7ae-468d-9cd5-c673ba80821d","include_player_ids":["65669958-56b4-49b2-a04d-37b541b32ce2","f4eb066b-1de6-4425-af6c-fff17ff9528c","99067116-475d-416b-a384-19d463962db9"],"headings":{"en":"Task created"},"contents":{"en":"Task \"testttttttt\" has been created (ID #34)."},"data":{"type":"task_created","task_id":34,"project_id":16}}
[2025-08-25 17:27:41] HTTP 200 | Error:  | Response: {"id":"3c29316a-6bdf-46f7-a1ec-c51842168da8","external_id":null,"errors":{"invalid_player_ids":["65669958-56b4-49b2-a04d-37b541b32ce2","f4eb066b-1de6-4425-af6c-fff17ff9528c"]}}
[2025-08-25 17:27:41] Sending to player_ids: ["ed946330-51cc-4092-9399-786a01fb7a23"] | Payload: {"app_id":"eff1e397-c7ae-468d-9cd5-c673ba80821d","include_player_ids":["ed946330-51cc-4092-9399-786a01fb7a23"],"headings":{"en":"Task created"},"contents":{"en":"Task \"testttttttt\" has been created (ID #34)."},"data":{"type":"task_created","task_id":34,"project_id":16}}
[2025-08-25 17:27:41] HTTP 200 | Error:  | Response: {"id":"7b35e0f8-2b1e-4ba3-a779-e3b69c0c715c","external_id":null}
[2025-08-25 22:13:58] Sending to player_ids: ["2b9d45c7-3e82-44e7-b87a-6cbde75f887b"] | Payload: {"app_id":"eff1e397-c7ae-468d-9cd5-c673ba80821d","include_player_ids":["2b9d45c7-3e82-44e7-b87a-6cbde75f887b"],"headings":{"en":"Test Prayer Notification"},"contents":{"en":"This is a test notification from the prayer cron system. Time: 22:13:58"},"data":{"type":"test_notification","timestamp":1756131238}}
[2025-08-25 22:13:59] HTTP 200 | Error:  | Response: {"id":"","errors":{"invalid_player_ids":["2b9d45c7-3e82-44e7-b87a-6cbde75f887b"]}}
[2025-08-25 22:13:59] Sending to player_ids: ["99067116-475d-416b-a384-19d463962db9"] | Payload: {"app_id":"eff1e397-c7ae-468d-9cd5-c673ba80821d","include_player_ids":["99067116-475d-416b-a384-19d463962db9"],"headings":{"en":"Test Prayer Notification"},"contents":{"en":"This is a test notification from the prayer cron system. Time: 22:13:59"},"data":{"type":"test_notification","timestamp":1756131239}}
[2025-08-25 22:14:00] HTTP 200 | Error:  | Response: {"id":"840f610e-c52c-4442-9b7b-033e4ade9ea1","external_id":null}
[2025-08-25 22:14:00] Sending to player_ids: ["f4eb066b-1de6-4425-af6c-fff17ff9528c"] | Payload: {"app_id":"eff1e397-c7ae-468d-9cd5-c673ba80821d","include_player_ids":["f4eb066b-1de6-4425-af6c-fff17ff9528c"],"headings":{"en":"Test Prayer Notification"},"contents":{"en":"This is a test notification from the prayer cron system. Time: 22:14:00"},"data":{"type":"test_notification","timestamp":1756131240}}
[2025-08-25 22:14:00] HTTP 200 | Error:  | Response: {"id":"","errors":{"invalid_player_ids":["f4eb066b-1de6-4425-af6c-fff17ff9528c"]}}
[2025-08-26 06:00:12] Sending to player_ids: ["99067116-475d-416b-a384-19d463962db9"] | Payload: {"app_id":"eff1e397-c7ae-468d-9cd5-c673ba80821d","include_player_ids":["99067116-475d-416b-a384-19d463962db9"],"headings":{"en":"Prayer Time: Fajr"},"contents":{"en":"It's time for Fajr prayer."},"data":{"type":"prayer_notification","prayer":"Fajr","timestamp":1756159212}}
[2025-08-26 06:00:13] HTTP 200 | Error:  | Response: {"id":"90684fd0-bc4d-4e6b-bb23-9f96db64ab63","external_id":null}
[2025-08-26 06:00:13] Sending to player_ids: ["f4eb066b-1de6-4425-af6c-fff17ff9528c"] | Payload: {"app_id":"eff1e397-c7ae-468d-9cd5-c673ba80821d","include_player_ids":["f4eb066b-1de6-4425-af6c-fff17ff9528c"],"headings":{"en":"Prayer Time: Fajr"},"contents":{"en":"It's time for Fajr prayer."},"data":{"type":"prayer_notification","prayer":"Fajr","timestamp":1756159213}}
[2025-08-26 06:00:13] HTTP 200 | Error:  | Response: {"id":"","errors":{"invalid_player_ids":["f4eb066b-1de6-4425-af6c-fff17ff9528c"]}}
[2025-08-26 06:00:13] Sending to player_ids: ["65669958-56b4-49b2-a04d-37b541b32ce2"] | Payload: {"app_id":"eff1e397-c7ae-468d-9cd5-c673ba80821d","include_player_ids":["65669958-56b4-49b2-a04d-37b541b32ce2"],"headings":{"en":"Prayer Time: Fajr"},"contents":{"en":"It's time for Fajr prayer."},"data":{"type":"prayer_notification","prayer":"Fajr","timestamp":1756159213}}
[2025-08-26 06:00:14] HTTP 200 | Error:  | Response: {"id":"","errors":{"invalid_player_ids":["65669958-56b4-49b2-a04d-37b541b32ce2"]}}
[2025-08-26 06:00:14] Sending to player_ids: ["ef36ee26-d908-49df-a1a9-69578d443811"] | Payload: {"app_id":"eff1e397-c7ae-468d-9cd5-c673ba80821d","include_player_ids":["ef36ee26-d908-49df-a1a9-69578d443811"],"headings":{"en":"Prayer Time: Fajr"},"contents":{"en":"It's time for Fajr prayer."},"data":{"type":"prayer_notification","prayer":"Fajr","timestamp":1756159214}}
[2025-08-26 06:00:15] HTTP 200 | Error:  | Response: {"id":"ad853801-e30c-47cc-ad00-c16740a4b813","external_id":null}
[2025-08-26 07:33:51] Sending to player_ids: ["65669958-56b4-49b2-a04d-37b541b32ce2","ef36ee26-d908-49df-a1a9-69578d443811","f4eb066b-1de6-4425-af6c-fff17ff9528c","99067116-475d-416b-a384-19d463962db9"] | Payload: {"app_id":"eff1e397-c7ae-468d-9cd5-c673ba80821d","include_player_ids":["65669958-56b4-49b2-a04d-37b541b32ce2","ef36ee26-d908-49df-a1a9-69578d443811","f4eb066b-1de6-4425-af6c-fff17ff9528c","99067116-475d-416b-a384-19d463962db9"],"headings":{"en":"Project created"},"contents":{"en":"Project \"Project created\" has been created (ID #17)."},"data":{"type":"project_created","project_id":17}}
[2025-08-26 07:33:51] HTTP 200 | Error:  | Response: {"id":"1834925b-cb30-4003-97ff-9e2649fc7960","external_id":null,"errors":{"invalid_player_ids":["65669958-56b4-49b2-a04d-37b541b32ce2","99067116-475d-416b-a384-19d463962db9","f4eb066b-1de6-4425-af6c-fff17ff9528c"]}}
[2025-08-26 07:33:51] Sending to player_ids: ["ed946330-51cc-4092-9399-786a01fb7a23"] | Payload: {"app_id":"eff1e397-c7ae-468d-9cd5-c673ba80821d","include_player_ids":["ed946330-51cc-4092-9399-786a01fb7a23"],"headings":{"en":"Project created"},"contents":{"en":"Project \"Project created\" has been created (ID #17)."},"data":{"type":"project_created","project_id":17}}
[2025-08-26 07:33:52] HTTP 200 | Error:  | Response: {"id":"13f10e6d-32a9-4d75-984f-2f5159289f16","external_id":null}
[2025-08-26 09:13:37] Sending to player_ids: ["65669958-56b4-49b2-a04d-37b541b32ce2","ef36ee26-d908-49df-a1a9-69578d443811","f4eb066b-1de6-4425-af6c-fff17ff9528c","99067116-475d-416b-a384-19d463962db9"] | Payload: {"app_id":"eff1e397-c7ae-468d-9cd5-c673ba80821d","include_player_ids":["65669958-56b4-49b2-a04d-37b541b32ce2","ef36ee26-d908-49df-a1a9-69578d443811","f4eb066b-1de6-4425-af6c-fff17ff9528c","99067116-475d-416b-a384-19d463962db9"],"headings":{"en":"Project created"},"contents":{"en":"Project \"Project created\" has been created (ID #18)."},"data":{"type":"project_created","project_id":18}}
[2025-08-26 09:13:38] HTTP 200 | Error:  | Response: {"id":"ddb000ee-e7bb-4527-b141-031534d8588d","external_id":null,"errors":{"invalid_player_ids":["65669958-56b4-49b2-a04d-37b541b32ce2","99067116-475d-416b-a384-19d463962db9","f4eb066b-1de6-4425-af6c-fff17ff9528c"]}}
[2025-08-26 09:13:38] Sending to player_ids: ["61c3289e-4c09-4154-b005-76e3bcbf47c5"] | Payload: {"app_id":"eff1e397-c7ae-468d-9cd5-c673ba80821d","include_player_ids":["61c3289e-4c09-4154-b005-76e3bcbf47c5"],"headings":{"en":"Project created"},"contents":{"en":"Project \"Project created\" has been created (ID #18)."},"data":{"type":"project_created","project_id":18}}
[2025-08-26 09:13:39] HTTP 200 | Error:  | Response: {"id":"0b7faf76-a9c0-4fc4-a946-e3f033a9c6ad","external_id":null}
[2025-08-26 09:14:14] Sending to player_ids: ["65669958-56b4-49b2-a04d-37b541b32ce2","ef36ee26-d908-49df-a1a9-69578d443811","f4eb066b-1de6-4425-af6c-fff17ff9528c","99067116-475d-416b-a384-19d463962db9"] | Payload: {"app_id":"eff1e397-c7ae-468d-9cd5-c673ba80821d","include_player_ids":["65669958-56b4-49b2-a04d-37b541b32ce2","ef36ee26-d908-49df-a1a9-69578d443811","f4eb066b-1de6-4425-af6c-fff17ff9528c","99067116-475d-416b-a384-19d463962db9"],"headings":{"en":"Task created"},"contents":{"en":"Task \"Siapkan apa patut\" has been created (ID #35)."},"data":{"type":"task_created","task_id":35,"project_id":18}}
[2025-08-26 09:14:14] HTTP 200 | Error:  | Response: {"id":"5346c072-fb79-49bd-9917-a7fc45b56e78","external_id":null,"errors":{"invalid_player_ids":["65669958-56b4-49b2-a04d-37b541b32ce2","99067116-475d-416b-a384-19d463962db9","f4eb066b-1de6-4425-af6c-fff17ff9528c"]}}
[2025-08-26 09:14:14] Sending to player_ids: ["61c3289e-4c09-4154-b005-76e3bcbf47c5"] | Payload: {"app_id":"eff1e397-c7ae-468d-9cd5-c673ba80821d","include_player_ids":["61c3289e-4c09-4154-b005-76e3bcbf47c5"],"headings":{"en":"Task created"},"contents":{"en":"Task \"Siapkan apa patut\" has been created (ID #35)."},"data":{"type":"task_created","task_id":35,"project_id":18}}
[2025-08-26 09:14:15] HTTP 200 | Error:  | Response: {"id":"fc88a778-d80b-403d-9175-cdbb435831e3","external_id":null}
[2025-08-26 09:14:41] Sending to player_ids: ["65669958-56b4-49b2-a04d-37b541b32ce2","ef36ee26-d908-49df-a1a9-69578d443811","f4eb066b-1de6-4425-af6c-fff17ff9528c","99067116-475d-416b-a384-19d463962db9"] | Payload: {"app_id":"eff1e397-c7ae-468d-9cd5-c673ba80821d","include_player_ids":["65669958-56b4-49b2-a04d-37b541b32ce2","ef36ee26-d908-49df-a1a9-69578d443811","f4eb066b-1de6-4425-af6c-fff17ff9528c","99067116-475d-416b-a384-19d463962db9"],"headings":{"en":"Task created"},"contents":{"en":"Task \"Task 2\" has been created (ID #36)."},"data":{"type":"task_created","task_id":36,"project_id":18}}
[2025-08-26 09:14:42] HTTP 200 | Error:  | Response: {"id":"aec5ebc6-1a1f-43ab-8cf5-5ed39e6f8e02","external_id":null,"errors":{"invalid_player_ids":["65669958-56b4-49b2-a04d-37b541b32ce2","99067116-475d-416b-a384-19d463962db9","f4eb066b-1de6-4425-af6c-fff17ff9528c"]}}
[2025-08-26 09:14:42] Sending to player_ids: ["61c3289e-4c09-4154-b005-76e3bcbf47c5"] | Payload: {"app_id":"eff1e397-c7ae-468d-9cd5-c673ba80821d","include_player_ids":["61c3289e-4c09-4154-b005-76e3bcbf47c5"],"headings":{"en":"Task created"},"contents":{"en":"Task \"Task 2\" has been created (ID #36)."},"data":{"type":"task_created","task_id":36,"project_id":18}}
[2025-08-26 09:14:42] HTTP 200 | Error:  | Response: {"id":"6db02872-c071-4936-a132-080362ac3e2c","external_id":null}
[2025-08-26 09:15:15] Sending to player_ids: ["65669958-56b4-49b2-a04d-37b541b32ce2","ef36ee26-d908-49df-a1a9-69578d443811","f4eb066b-1de6-4425-af6c-fff17ff9528c","99067116-475d-416b-a384-19d463962db9"] | Payload: {"app_id":"eff1e397-c7ae-468d-9cd5-c673ba80821d","include_player_ids":["65669958-56b4-49b2-a04d-37b541b32ce2","ef36ee26-d908-49df-a1a9-69578d443811","f4eb066b-1de6-4425-af6c-fff17ff9528c","99067116-475d-416b-a384-19d463962db9"],"headings":{"en":"Task created"},"contents":{"en":"Task \"Tesk 3\" has been created (ID #37)."},"data":{"type":"task_created","task_id":37,"project_id":18}}
[2025-08-26 09:15:16] HTTP 200 | Error:  | Response: {"id":"43c286cb-664a-47ee-b7d4-45d0539b1793","external_id":null,"errors":{"invalid_player_ids":["65669958-56b4-49b2-a04d-37b541b32ce2","99067116-475d-416b-a384-19d463962db9","f4eb066b-1de6-4425-af6c-fff17ff9528c"]}}
[2025-08-26 09:15:16] Sending to player_ids: ["61c3289e-4c09-4154-b005-76e3bcbf47c5"] | Payload: {"app_id":"eff1e397-c7ae-468d-9cd5-c673ba80821d","include_player_ids":["61c3289e-4c09-4154-b005-76e3bcbf47c5"],"headings":{"en":"Task created"},"contents":{"en":"Task \"Tesk 3\" has been created (ID #37)."},"data":{"type":"task_created","task_id":37,"project_id":18}}
[2025-08-26 09:15:16] HTTP 200 | Error:  | Response: {"id":"012246b4-310a-4b94-b6a7-72ecef2843bf","external_id":null}
[2025-08-26 12:12:44] Sending to player_ids: ["71137e79-7e6e-479c-989b-ab0bfa97fb7e","65669958-56b4-49b2-a04d-37b541b32ce2","ef36ee26-d908-49df-a1a9-69578d443811","f4eb066b-1de6-4425-af6c-fff17ff9528c","99067116-475d-416b-a384-19d463962db9"] | Payload: {"app_id":"eff1e397-c7ae-468d-9cd5-c673ba80821d","include_player_ids":["71137e79-7e6e-479c-989b-ab0bfa97fb7e","65669958-56b4-49b2-a04d-37b541b32ce2","ef36ee26-d908-49df-a1a9-69578d443811","f4eb066b-1de6-4425-af6c-fff17ff9528c","99067116-475d-416b-a384-19d463962db9"],"headings":{"en":"Project created"},"contents":{"en":"Project \"Project created\" has been created (ID #19)."},"data":{"type":"project_created","project_id":19}}
[2025-08-26 12:12:45] HTTP 200 | Error:  | Response: {"id":"270b8864-ea36-4a16-900c-a3ac79071f56","external_id":null,"errors":{"invalid_player_ids":["65669958-56b4-49b2-a04d-37b541b32ce2","99067116-475d-416b-a384-19d463962db9","f4eb066b-1de6-4425-af6c-fff17ff9528c"]}}
[2025-08-26 12:12:45] Sending to player_ids: ["61c3289e-4c09-4154-b005-76e3bcbf47c5"] | Payload: {"app_id":"eff1e397-c7ae-468d-9cd5-c673ba80821d","include_player_ids":["61c3289e-4c09-4154-b005-76e3bcbf47c5"],"headings":{"en":"Project created"},"contents":{"en":"Project \"Project created\" has been created (ID #19)."},"data":{"type":"project_created","project_id":19}}
[2025-08-26 12:12:46] HTTP 200 | Error:  | Response: {"id":"98e911ee-af1e-4877-a068-2c0e4e8cf7cd","external_id":null}
[2025-08-26 12:13:25] Sending to player_ids: ["71137e79-7e6e-479c-989b-ab0bfa97fb7e","65669958-56b4-49b2-a04d-37b541b32ce2","ef36ee26-d908-49df-a1a9-69578d443811","f4eb066b-1de6-4425-af6c-fff17ff9528c","99067116-475d-416b-a384-19d463962db9"] | Payload: {"app_id":"eff1e397-c7ae-468d-9cd5-c673ba80821d","include_player_ids":["71137e79-7e6e-479c-989b-ab0bfa97fb7e","65669958-56b4-49b2-a04d-37b541b32ce2","ef36ee26-d908-49df-a1a9-69578d443811","f4eb066b-1de6-4425-af6c-fff17ff9528c","99067116-475d-416b-a384-19d463962db9"],"headings":{"en":"Task created"},"contents":{"en":"Task \"Test project 1\" has been created (ID #38)."},"data":{"type":"task_created","task_id":38,"project_id":19}}
[2025-08-26 12:13:26] HTTP 200 | Error:  | Response: {"id":"cf407c08-3b99-4b91-9e40-34385824827c","external_id":null,"errors":{"invalid_player_ids":["65669958-56b4-49b2-a04d-37b541b32ce2","99067116-475d-416b-a384-19d463962db9","f4eb066b-1de6-4425-af6c-fff17ff9528c"]}}
[2025-08-26 12:13:26] Sending to player_ids: ["61c3289e-4c09-4154-b005-76e3bcbf47c5"] | Payload: {"app_id":"eff1e397-c7ae-468d-9cd5-c673ba80821d","include_player_ids":["61c3289e-4c09-4154-b005-76e3bcbf47c5"],"headings":{"en":"Task created"},"contents":{"en":"Task \"Test project 1\" has been created (ID #38)."},"data":{"type":"task_created","task_id":38,"project_id":19}}
[2025-08-26 12:13:27] HTTP 200 | Error:  | Response: {"id":"afd4e31f-2a2a-49fb-b731-4b98e7185562","external_id":null}
[2025-08-26 13:18:07] Sending to player_ids: ["99067116-475d-416b-a384-19d463962db9"] | Payload: {"app_id":"eff1e397-c7ae-468d-9cd5-c673ba80821d","include_player_ids":["99067116-475d-416b-a384-19d463962db9"],"headings":{"en":"Prayer Time: Dhuhr"},"contents":{"en":"It's time for Dhuhr prayer."},"data":{"type":"prayer_notification","prayer":"Dhuhr","timestamp":1756185487}}
[2025-08-26 13:18:07] HTTP 200 | Error:  | Response: {"id":"","errors":{"invalid_player_ids":["99067116-475d-416b-a384-19d463962db9"]}}
[2025-08-26 13:18:08] Sending to player_ids: ["f4eb066b-1de6-4425-af6c-fff17ff9528c"] | Payload: {"app_id":"eff1e397-c7ae-468d-9cd5-c673ba80821d","include_player_ids":["f4eb066b-1de6-4425-af6c-fff17ff9528c"],"headings":{"en":"Prayer Time: Dhuhr"},"contents":{"en":"It's time for Dhuhr prayer."},"data":{"type":"prayer_notification","prayer":"Dhuhr","timestamp":1756185488}}
[2025-08-26 13:18:08] HTTP 200 | Error:  | Response: {"id":"","errors":{"invalid_player_ids":["f4eb066b-1de6-4425-af6c-fff17ff9528c"]}}
[2025-08-26 13:18:08] Sending to player_ids: ["65669958-56b4-49b2-a04d-37b541b32ce2"] | Payload: {"app_id":"eff1e397-c7ae-468d-9cd5-c673ba80821d","include_player_ids":["65669958-56b4-49b2-a04d-37b541b32ce2"],"headings":{"en":"Prayer Time: Dhuhr"},"contents":{"en":"It's time for Dhuhr prayer."},"data":{"type":"prayer_notification","prayer":"Dhuhr","timestamp":1756185488}}
[2025-08-26 13:18:09] HTTP 200 | Error:  | Response: {"id":"","errors":{"invalid_player_ids":["65669958-56b4-49b2-a04d-37b541b32ce2"]}}
[2025-08-26 13:18:09] Sending to player_ids: ["ef36ee26-d908-49df-a1a9-69578d443811"] | Payload: {"app_id":"eff1e397-c7ae-468d-9cd5-c673ba80821d","include_player_ids":["ef36ee26-d908-49df-a1a9-69578d443811"],"headings":{"en":"Prayer Time: Dhuhr"},"contents":{"en":"It's time for Dhuhr prayer."},"data":{"type":"prayer_notification","prayer":"Dhuhr","timestamp":1756185489}}
[2025-08-26 13:18:09] HTTP 200 | Error:  | Response: {"id":"2bcfaca6-8d2f-4b6e-829f-fe30b97db71c","external_id":null}
[2025-08-26 13:18:09] Sending to player_ids: ["71137e79-7e6e-479c-989b-ab0bfa97fb7e"] | Payload: {"app_id":"eff1e397-c7ae-468d-9cd5-c673ba80821d","include_player_ids":["71137e79-7e6e-479c-989b-ab0bfa97fb7e"],"headings":{"en":"Prayer Time: Dhuhr"},"contents":{"en":"It's time for Dhuhr prayer."},"data":{"type":"prayer_notification","prayer":"Dhuhr","timestamp":1756185489}}
[2025-08-26 13:18:10] HTTP 200 | Error:  | Response: {"id":"ee382560-6147-4ae3-9927-70d6f7b85c29","external_id":null}
[2025-08-26 16:29:23] Sending to player_ids: ["99067116-475d-416b-a384-19d463962db9"] | Payload: {"app_id":"eff1e397-c7ae-468d-9cd5-c673ba80821d","include_player_ids":["99067116-475d-416b-a384-19d463962db9"],"headings":{"en":"Prayer Time: Asr"},"contents":{"en":"It's time for Asr prayer."},"data":{"type":"prayer_notification","prayer":"Asr","timestamp":1756196963}}
[2025-08-26 16:29:24] HTTP 200 | Error:  | Response: {"id":"","errors":{"invalid_player_ids":["99067116-475d-416b-a384-19d463962db9"]}}
[2025-08-26 16:29:24] Sending to player_ids: ["f4eb066b-1de6-4425-af6c-fff17ff9528c"] | Payload: {"app_id":"eff1e397-c7ae-468d-9cd5-c673ba80821d","include_player_ids":["f4eb066b-1de6-4425-af6c-fff17ff9528c"],"headings":{"en":"Prayer Time: Asr"},"contents":{"en":"It's time for Asr prayer."},"data":{"type":"prayer_notification","prayer":"Asr","timestamp":1756196964}}
[2025-08-26 16:29:25] HTTP 200 | Error:  | Response: {"id":"","errors":{"invalid_player_ids":["f4eb066b-1de6-4425-af6c-fff17ff9528c"]}}
[2025-08-26 16:29:25] Sending to player_ids: ["65669958-56b4-49b2-a04d-37b541b32ce2"] | Payload: {"app_id":"eff1e397-c7ae-468d-9cd5-c673ba80821d","include_player_ids":["65669958-56b4-49b2-a04d-37b541b32ce2"],"headings":{"en":"Prayer Time: Asr"},"contents":{"en":"It's time for Asr prayer."},"data":{"type":"prayer_notification","prayer":"Asr","timestamp":1756196965}}
[2025-08-26 16:29:25] HTTP 200 | Error:  | Response: {"id":"","errors":{"invalid_player_ids":["65669958-56b4-49b2-a04d-37b541b32ce2"]}}
[2025-08-26 16:29:25] Sending to player_ids: ["ef36ee26-d908-49df-a1a9-69578d443811"] | Payload: {"app_id":"eff1e397-c7ae-468d-9cd5-c673ba80821d","include_player_ids":["ef36ee26-d908-49df-a1a9-69578d443811"],"headings":{"en":"Prayer Time: Asr"},"contents":{"en":"It's time for Asr prayer."},"data":{"type":"prayer_notification","prayer":"Asr","timestamp":1756196965}}
[2025-08-26 16:29:26] HTTP 200 | Error:  | Response: {"id":"3efec9c1-4aa8-400c-baaf-7f2cb3fc4251","external_id":null}
[2025-08-26 16:29:26] Sending to player_ids: ["71137e79-7e6e-479c-989b-ab0bfa97fb7e"] | Payload: {"app_id":"eff1e397-c7ae-468d-9cd5-c673ba80821d","include_player_ids":["71137e79-7e6e-479c-989b-ab0bfa97fb7e"],"headings":{"en":"Prayer Time: Asr"},"contents":{"en":"It's time for Asr prayer."},"data":{"type":"prayer_notification","prayer":"Asr","timestamp":1756196966}}
[2025-08-26 16:29:27] HTTP 200 | Error:  | Response: {"id":"8b93fee0-f6cb-4b6d-91c0-685b48d42b3a","external_id":null}
