2025-08-07 09:10:56 - Received Data:
Array
(
    [freelancer_id] => 1
    [name] => Ali Hassan
    [email] => alihassan@example.com
    [skillset] => UI/UX, Figma, Adobe XD, Story Board
    [availability] => true
    [status] => pending
)


2025-08-07 09:36:06 - Received Data:
Array
(
    [freelancer_id] => 1
    [name] => Ali Hassanuddin
    [email] => alihassan@example.com
    [skillset] => UI/UX, Figma, Adobe XD
    [availability] => true
    [status] => pending
)


2025-08-07 09:41:56 - Received Data:
Array
(
    [freelancer_id] => 1
    [name] => Ali Hassanuddin
    [email] => alihassan@example.com
    [skillset] => UI/UX, Figma, Adobe XD
    [availability] => false
    [status] => pending
    [avatar] => https://fd9315becb7e.ngrok-free.app/uploads/avatars/avatars.png
)


2025-08-07 09:56:32 - Received Data:
Array
(
    [freelancer_id] => 4
    [name] => mohd hasif
    [email] => mohdhasif24181@gmail.com
    [skillset] => testing
    [availability] => true
    [status] => pending
)


2025-08-08 03:27:10 - Received Data:
Array
(
    [freelancer_id] => 4
    [name] => mohd hasif
    [email] => mohdhasif24181@gmail.com
    [skillset] => testing
    [availability] => 1
    [status] => approved
)


2025-08-08 03:32:47 - Received Data:
Array
(
    [freelancer_id] => 4
    [name] => mohd hasif
    [email] => mohdhasif24181@gmail.com
    [skillset] => testing
    [availability] => 1
    [status] => approved
)


2025-08-08 03:45:54 - Received Data:
Array
(
    [freelancer_id] => 4
    [name] => mohd hasif
    [email] => mohdhasif24181@gmail.com
    [skillset] => testing
    [availability] => 1
    [status] => approved
)


2025-08-08 03:46:35 - Received Data:
Array
(
    [freelancer_id] => 4
    [name] => mohd hasif
    [email] => mohdhasif24181@gmail.com
    [skillset] => Test test test
    [availability] => 1
    [status] => approved
)


2025-08-08 03:48:56 - Received Data:
Array
(
    [freelancer_id] => 4
    [name] => mohd hasifdsdsddsds
    [email] => mohdhasif24181@gmail.com
    [skillset] => Test test test
    [availability] => 1
    [status] => approved
    [avatar] => https://fd9315becb7e.ngrok-free.app/uploads/avatars/http://fd9315becb7e.ngrok-free.app\/uploads/avatars/1754015778_logo-loading.png
)


2025-08-08 03:49:51 - Received Data:
Array
(
    [freelancer_id] => 4
    [name] => mohd hasifdsdsddsds
    [email] => mohdhasif24181@gmail.com
    [skillset] => Test test test
    [availability] => 1
    [status] => approved
)


2025-08-11 05:14:42 - Received Data:
Array
(
    [freelancer_id] => 3
    [name] => John Doe
    [email] => johndoe@example.com
    [skillset] => Web Development, React
    [availability] => 1
    [status] => pending
)


2025-08-11 05:14:49 - Received Data:
Array
(
    [freelancer_id] => 3
    [name] => John Doe
    [email] => johndoe@example.com
    [skillset] => Web Development, React
    [availability] => 1
    [status] => pending
)


2025-08-11 05:16:46 - Received Data:
Array
(
    [freelancer_id] => 3
    [name] => John Doe
    [email] => johndoe@example.com
    [skillset] => Web Development, React
    [availability] => 1
    [status] => pending
)


2025-08-11 05:16:54 - Received Data:
Array
(
    [freelancer_id] => 3
    [name] => John Doe
    [email] => johndoe@example.com
    [skillset] => Web Development, React
    [availability] => 1
    [status] => pending
)


2025-08-11 05:21:51 - Received Data:
Array
(
    [freelancer_id] => 3
    [name] => John Doe
    [email] => johndoe@example.com
    [skillset] => Web Development, React
    [availability] => 1
    [status] => pending
)


2025-08-11 05:23:15 - Received Data:
Array
(
    [freelancer_id] => 3
    [name] => John Doe
    [email] => johndoe@example.com
    [skillset] => Web Development, React
    [availability] => 1
    [status] => pending
)


2025-08-25 07:00:42 - Received Data:
Array
(
    [freelancer_id] => 1
    [name] => Ali Hassan
    [email] => alihassan@example.com
    [skillset] => UI/UX, Figma, Adobe XD
    [availability] => 0
    [status] => approved
)


2025-08-25 07:00:53 - Received Data:
Array
(
    [freelancer_id] => 1
    [name] => Ali Hassan
    [email] => alihassan@example.com
    [skillset] => UI/UX, Figma, Adobe XD
    [availability] => 0
    [status] => approved
)


2025-08-26 05:55:19 - Received Data:
Array
(
    [freelancer_id] => 30
    [name] => Mohd hasif
    [email] => mohd@example.com
    [skillset] => Programmer,Web Developer,Multimedia Designer
    [availability] => 1
    [status] => approved
)


2025-08-26 05:59:55 - Received Data:
Array
(
    [freelancer_id] => 30
    [name] => Mohd hasif
    [email] => mohd@example.com
    [skillset] => Programmer,Web Developer,Multimedia Designer
    [availability] => 1
    [status] => approved
)


2025-08-26 06:00:03 - Received Data:
Array
(
    [freelancer_id] => 30
    [name] => Mohd hasif
    [email] => mohd@example.com
    [skillset] => Programmer,Web Developer,Multimedia Designer
    [availability] => 1
    [status] => approved
)


2025-08-26 07:40:02 - Received Data:
Array
(
    [freelancer_id] => 30
    [name] => Mohd hasif
    [email] => mohd@example.com
    [skillset] => Programmer,Web Developer,Multimedia Designer
    [availability] => 1
    [status] => approved
)


