2025-08-07 05:21:52 - Received Data:
Array
(
    [client_id] => 10
    [company_name] => 
    [phone] => 01123119384
    [status] => pending
    [client_type] => individual
    [logo_url] => file:///data/user/0/com.finitegenoneapp/cache/rn_image_picker_lib_temp_4446620d-04ef-4db5-a9b8-ba0dd11330a1.jpg
)


2025-08-07 05:28:11 - Received Data:
Array
(
    [client_id] => 10
    [company_name] => 
    [phone] => 01123119384
    [status] => pending
    [client_type] => individual
    [logo_url] => file:///data/user/0/com.finitegenoneapp/cache/rn_image_picker_lib_temp_4446620d-04ef-4db5-a9b8-ba0dd11330a1.jpg
)


2025-08-07 05:31:57 - Received Data:
Array
(
    [client_id] => 10
    [company_name] => 
    [phone] => 01123119384
    [status] => pending
    [client_type] => individual
    [logo_url] => file:///data/user/0/com.finitegenoneapp/cache/rn_image_picker_lib_temp_4446620d-04ef-4db5-a9b8-ba0dd11330a1.jpg
)


2025-08-07 05:45:17 - Received Data:
Array
(
    [client_id] => 10
    [company_name] => 
    [phone] => 01123119384
    [status] => pending
    [client_type] => individual
    [logo_url] => file:///data/user/0/com.finitegenoneapp/cache/rn_image_picker_lib_temp_4446620d-04ef-4db5-a9b8-ba0dd11330a1.jpg
)


2025-08-07 05:45:46 - Received Data:
Array
(
    [client_id] => 10
    [company_name] => 
    [phone] => 01123119384
    [status] => pending
    [client_type] => individual
    [logo_url] => file:///data/user/0/com.finitegenoneapp/cache/rn_image_picker_lib_temp_833f6a95-1ded-42c3-9851-101ddce88e72.jpg
)


2025-08-07 05:47:46 - Received Data:
Array
(
    [client_id] => 10
    [company_name] => 
    [phone] => 01123119384
    [status] => pending
    [client_type] => individual
    [logo_url] => file:///data/user/0/com.finitegenoneapp/cache/rn_image_picker_lib_temp_833f6a95-1ded-42c3-9851-101ddce88e72.jpg
)


2025-08-07 05:48:46 - Received Data:
Array
(
    [client_id] => 10
    [company_name] => 
    [phone] => 01123119384
    [status] => pending
    [client_type] => individual
    [logo_url] => file:///data/user/0/com.finitegenoneapp/cache/rn_image_picker_lib_temp_833f6a95-1ded-42c3-9851-101ddce88e72.jpg
)


2025-08-07 05:49:25 - Received Data:
Array
(
    [client_id] => 10
    [company_name] => 
    [phone] => 01123119384
    [status] => pending
    [client_type] => individual
    [logo_url] => file:///data/user/0/com.finitegenoneapp/cache/rn_image_picker_lib_temp_833f6a95-1ded-42c3-9851-101ddce88e72.jpg
)


2025-08-07 05:49:32 - Received Data:
Array
(
    [client_id] => 10
    [company_name] => 
    [phone] => 01123119384
    [status] => pending
    [client_type] => individual
    [logo_url] => file:///data/user/0/com.finitegenoneapp/cache/rn_image_picker_lib_temp_833f6a95-1ded-42c3-9851-101ddce88e72.jpg
)


2025-08-07 05:50:00 - Received Data:
Array
(
    [client_id] => 10
    [company_name] => 
    [phone] => 01123119384
    [status] => pending
    [client_type] => individual
    [logo_url] => file:///data/user/0/com.finitegenoneapp/cache/rn_image_picker_lib_temp_833f6a95-1ded-42c3-9851-101ddce88e72.jpg
)


2025-08-07 05:53:48 - Received Data:
Array
(
    [client_id] => 10
    [company_name] => 
    [phone] => 01123119384
    [status] => pending
    [client_type] => individual
    [logo_url] => file:///data/user/0/com.finitegenoneapp/cache/rn_image_picker_lib_temp_833f6a95-1ded-42c3-9851-101ddce88e72.jpg
)


2025-08-07 05:54:23 - Received Data:
Array
(
    [client_id] => 10
    [company_name] => 
    [phone] => 01123119384
    [status] => pending
    [client_type] => individual
    [logo_url] => file:///data/user/0/com.finitegenoneapp/cache/rn_image_picker_lib_temp_833f6a95-1ded-42c3-9851-101ddce88e72.jpg
)


